#
# A fatal error has been detected by the Java Runtime Environment:
#
#  EXCEPTION_ACCESS_VIOLATION (0xc0000005) at pc=0x00007ffbe28f88a6, pid=8616, tid=5548
#
# JRE version: OpenJDK Runtime Environment (11.0.15) (build 11.0.15+0-b2043.56-9505619)
# Java VM: OpenJDK 64-Bit Server VM (11.0.15+0-b2043.56-9505619, mixed mode, tiered, compressed oops, g1 gc, windows-amd64)
# Problematic frame:
# V  [jvm.dll+0x1a88a6]
#
# No core dump will be written. Minidumps are not enabled by default on client versions of Windows
#
# If you would like to submit a bug report, please visit:
#   https://bugreport.java.com/bugreport/crash.jsp
#

---------------  S U M M A R Y ------------

Command Line: --add-opens=java.base/java.util=ALL-UNNAMED --add-opens=java.base/java.lang=ALL-UNNAMED --add-opens=java.base/java.lang.invoke=ALL-UNNAMED --add-opens=java.base/java.util=ALL-UNNAMED --add-opens=java.prefs/java.util.prefs=ALL-UNNAMED --add-opens=java.prefs/java.util.prefs=ALL-UNNAMED --add-opens=java.base/java.nio.charset=ALL-UNNAMED --add-opens=java.base/java.net=ALL-UNNAMED --add-opens=java.base/java.util.concurrent.atomic=ALL-UNNAMED -Xmx2048m -Dfile.encoding=UTF-8 -Duser.country=US -Duser.language=en -Duser.variant org.gradle.launcher.daemon.bootstrap.GradleDaemon 7.3.3

Host: Intel(R) Core(TM) i3-7100U CPU @ 2.40GHz, 4 cores, 7G,  Windows 10 , 64 bit Build 19041 (10.0.19041.2546)
Time: Mon Apr 10 10:38:45 2023 SE Asia Standard Time elapsed time: 4256.921785 seconds (0d 1h 10m 56s)

---------------  T H R E A D  ---------------

Current thread (0x000002505d343000):  ConcurrentGCThread "G1 Conc#0" [stack: 0x000000a593a00000,0x000000a593b00000] [id=5548]

Stack: [0x000000a593a00000,0x000000a593b00000],  sp=0x000000a593aff618,  free space=1021k
Native frames: (J=compiled Java code, j=interpreted, Vv=VM code, C=native code)
V  [jvm.dll+0x1a88a6]


siginfo: EXCEPTION_ACCESS_VIOLATION (0xc0000005), reading address 0x0000000000000050


Register to memory mapping:

RIP=0x00007ffbe28f88a6 jvm.dll
RAX=0x0011244902489224 is an unknown value
RBX=0x0011244902489224 is an unknown value
RCX=0x0000000083e9b9b0 is pointing into object: java.util.ArrayList 
{0x0000000083e9b9a0} - klass: 'java/util/ArrayList'
RDX=0x0000000083e9b9b0 is pointing into object: java.util.ArrayList 
{0x0000000083e9b9a0} - klass: 'java/util/ArrayList'
RSP=0x000000a593aff618 points into unknown readable memory: 0x00007ffbe2a5055d | 5d 05 a5 e2 fb 7f 00 00
RBP=0x0 is NULL
RSI=0x0040000000000001 is an unknown value
RDI=0x0000000083e9b9b0 is pointing into object: java.util.ArrayList 
{0x0000000083e9b9a0} - klass: 'java/util/ArrayList'
R8 =0x0011244902489224 is an unknown value
R9 =0x0000000000000048 is an unknown value
R10=0x000002505d382de0 points into unknown readable memory: 0x00007ffbe3037c40 | 40 7c 03 e3 fb 7f 00 00
R11=0x346dc5d63886594b is an unknown value
R12=0x0 is NULL
R13=0x0 is NULL
R14=0x0000025072b1a6e0 points into unknown readable memory: 0x0051244902489224 | 24 92 48 02 49 24 51 00
R15=0x000002505d3390a0 points into unknown readable memory: 0x000002505d342000 | 00 20 34 5d 50 02 00 00


Registers:
RAX=0x0011244902489224, RBX=0x0011244902489224, RCX=0x0000000083e9b9b0, RDX=0x0000000083e9b9b0
RSP=0x000000a593aff618, RBP=0x0000000000000000, RSI=0x0040000000000001, RDI=0x0000000083e9b9b0
R8 =0x0011244902489224, R9 =0x0000000000000048, R10=0x000002505d382de0, R11=0x346dc5d63886594b
R12=0x0000000000000000, R13=0x0000000000000000, R14=0x0000025072b1a6e0, R15=0x000002505d3390a0
RIP=0x00007ffbe28f88a6, EFLAGS=0x0000000000010206

Top of Stack: (sp=0x000000a593aff618)
0x000000a593aff618:   00007ffbe2a5055d 01d96b540a8532a3
0x000000a593aff628:   00007ffbe2a5055d 00000000003473bc
0x000000a593aff638:   000000000401332c 0000000083e9b9a0
0x000000a593aff648:   000002505d343c50 0000000083e9b9b0
0x000000a593aff658:   00007ffbe2a50342 000002505d343b10
0x000000a593aff668:   000000010002f880 000000010002f888
0x000000a593aff678:   000000a593aff800 0000000083e9b9b8
0x000000a593aff688:   00007ffbe2a47c6d 000000010002f360
0x000000a593aff698:   0000000083e9b9b4 0000000000000003
0x000000a593aff6a8:   0000000083e9b978 000002505d343501
0x000000a593aff6b8:   000002505d3390f0 0000000083e9b9a0
0x000000a593aff6c8:   00007ffbe2a47811 000000010002f360
0x000000a593aff6d8:   0000000000000003 000000a593aff800
0x000000a593aff6e8:   0000000000000000 000002505d343b10
0x000000a593aff6f8:   00007ffbe2a5be0e 0000000083e9b9a0
0x000000a593aff708:   000000a593aff7c0 000000a593aff7c0 

Instructions: (pc=0x00007ffbe28f88a6)
0x00007ffbe28f87a6:   eb 04 48 8b 43 08 81 78 08 00 00 00 c0 0f 83 81
0x00007ffbe28f87b6:   00 00 00 48 8b 4f 38 48 8b d3 48 8b 01 ff 50 20
0x00007ffbe28f87c6:   84 c0 75 70 38 05 d1 e7 93 00 74 15 8b 53 08 8b
0x00007ffbe28f87d6:   0d 7d 2f 8f 00 48 d3 e2 48 03 15 6b 2f 8f 00 eb
0x00007ffbe28f87e6:   04 48 8b 53 08 48 8b cb 48 89 5c 24 20 e8 a8 00
0x00007ffbe28f87f6:   00 00 80 7f 30 00 48 63 c8 48 89 4c 24 28 74 1c
0x00007ffbe28f8806:   0f 10 44 24 20 0f 11 86 98 03 00 00 48 8b 5c 24
0x00007ffbe28f8816:   40 48 8b 74 24 48 48 83 c4 30 5f c3 48 8b 07 48
0x00007ffbe28f8826:   8d 54 24 20 48 89 4c 24 28 48 8b cf 48 89 5c 24
0x00007ffbe28f8836:   20 ff 50 38 48 8b 5c 24 40 48 8b 74 24 48 48 83
0x00007ffbe28f8846:   c4 30 5f c3 cc cc cc cc cc cc 48 8b 49 38 48 8b
0x00007ffbe28f8856:   01 48 ff 60 28 cc cc cc cc cc 80 3d 3a e7 93 00
0x00007ffbe28f8866:   00 48 8b c1 74 1b 8b 51 08 8b 0d e3 2e 8f 00 48
0x00007ffbe28f8876:   d3 e2 48 8b c8 48 03 15 ce 2e 8f 00 e9 19 00 00
0x00007ffbe28f8886:   00 48 8b 51 08 48 8b c8 e9 0d 00 00 00 cc cc cc
0x00007ffbe28f8896:   cc cc cc cc cc cc cc cc cc cc 4c 8b ca 48 8b d1
0x00007ffbe28f88a6:   45 8b 41 08 45 85 c0 7e 0e 41 f6 c0 01 75 56 41
0x00007ffbe28f88b6:   c1 f8 03 41 8b c0 c3 79 4c 80 3d db e6 93 00 00
0x00007ffbe28f88c6:   b8 0c 00 00 00 b9 10 00 00 00 0f 45 c8 8b 05 9b
0x00007ffbe28f88d6:   5e 8d 00 ff c8 4c 63 c8 48 63 14 11 41 8b c8 83
0x00007ffbe28f88e6:   e1 3f 48 d3 e2 41 8b c8 48 c1 f9 10 0f b6 c1 49
0x00007ffbe28f88f6:   8d 0c 11 49 f7 d1 48 03 c1 49 c1 e9 03 48 c1 e8
0x00007ffbe28f8906:   03 41 23 c1 c3 49 8b 01 49 8b c9 48 ff a0 10 01
0x00007ffbe28f8916:   00 00 cc cc cc cc cc cc cc cc 48 8b c2 c3 cc cc
0x00007ffbe28f8926:   cc cc cc cc cc cc cc cc cc cc 48 83 ec 38 48 8b
0x00007ffbe28f8936:   c1 48 8b 49 38 80 79 08 00 74 05 90 48 8b 48 38
0x00007ffbe28f8946:   0f 10 02 48 8d 54 24 20 0f 29 44 24 20 e8 28 f0
0x00007ffbe28f8956:   ff ff 48 83 c4 38 c3 cc cc cc 48 83 ec 38 0f 10
0x00007ffbe28f8966:   02 48 8b 01 48 8d 54 24 20 0f 29 44 24 20 ff 50
0x00007ffbe28f8976:   38 48 83 c4 38 c3 cc cc cc cc 48 89 5c 24 08 55
0x00007ffbe28f8986:   56 57 41 54 41 55 41 56 41 57 48 8d 6c 24 e0 48
0x00007ffbe28f8996:   81 ec 20 01 00 00 48 8b 05 85 b6 90 00 48 33 c4 


Stack slot to memory mapping:
stack at sp + 0 slots: 0x00007ffbe2a5055d jvm.dll
stack at sp + 1 slots: 0x01d96b540a8532a3 is an unknown value
stack at sp + 2 slots: 0x00007ffbe2a5055d jvm.dll
stack at sp + 3 slots: 0x00000000003473bc is an unknown value
stack at sp + 4 slots: 0x000000000401332c is an unknown value
stack at sp + 5 slots: 0x0000000083e9b9a0 is an oop: java.util.ArrayList 
{0x0000000083e9b9a0} - klass: 'java/util/ArrayList'
stack at sp + 6 slots: 0x000002505d343c50 points into unknown readable memory: 0x00007ffbe3071ba0 | a0 1b 07 e3 fb 7f 00 00
stack at sp + 7 slots: 0x0000000083e9b9b0 is pointing into object: java.util.ArrayList 
{0x0000000083e9b9a0} - klass: 'java/util/ArrayList'


---------------  P R O C E S S  ---------------

Threads class SMR info:
_java_thread_list=0x000002507d9087e0, length=89, elements={
0x000002505d2f7800, 0x0000025076f03800, 0x0000025076f07000, 0x0000025076f23000,
0x0000025076f26800, 0x0000025076f2a000, 0x0000025076f2b800, 0x0000025076f31000,
0x0000025076f34800, 0x00000250779e4000, 0x000002507a195800, 0x0000025078d43800,
0x0000025078d27000, 0x000002507998a800, 0x000002507998d800, 0x000002507998c800,
0x0000025079991000, 0x000002507998c000, 0x000002507cf16000, 0x000002507cf13800,
0x000002507cf12000, 0x000002507cf17800, 0x000002507cf12800, 0x000002507cf19000,
0x0000025079918800, 0x000002507db91000, 0x000002507cf1c800, 0x000002507cf1a000,
0x000002507cf14800, 0x000002507cf1d800, 0x000002507cf1b800, 0x000002507cf1e000,
0x00000250787c9000, 0x00000250787c5000, 0x00000250787c7000, 0x00000250787c7800,
0x00000250787c6000, 0x00000250787c8800, 0x00000250787ca000, 0x00000250787c4800,
0x00000250787cb800, 0x00000250787cc800, 0x00000250787cd800, 0x00000250787ce000,
0x00000250787d0000, 0x00000250787d0800, 0x00000250787cb000, 0x00000250787d1800,
0x00000250787d2000, 0x00000250787d3000, 0x000002507b1de800, 0x000002507b1e4000,
0x000002507b1e3800, 0x000002507b1e5000, 0x000002507b1e2800, 0x000002507b1df800,
0x000002507b1e6000, 0x000002507b1e1800, 0x000002507b1e1000, 0x000002507b1e0000,
0x000002507b1e6800, 0x000002507b1ea800, 0x000002507b1e8000, 0x000002507b1e9000,
0x000002507b1ed000, 0x000002507b1ea000, 0x000002507b1e7800, 0x000002507b1eb800,
0x000002507990f800, 0x000002507990e000, 0x0000025079912000, 0x000002507990d000,
0x0000025079910800, 0x0000025079911000, 0x000002507990e800, 0x000002507990c800,
0x0000025079917000, 0x0000025079917800, 0x0000025079913000, 0x0000025079914800,
0x0000025079916000, 0x0000025079913800, 0x000002507991a000, 0x000002507991b000,
0x0000025079915000, 0x000002507db92800, 0x000002507db8e800, 0x000002507db91800,
0x000002507db8f000
}

Java Threads: ( => current thread )
  0x000002505d2f7800 JavaThread "main" [_thread_blocked, id=11816, stack(0x000000a593700000,0x000000a593800000)]
  0x0000025076f03800 JavaThread "Reference Handler" daemon [_thread_blocked, id=8348, stack(0x000000a593e00000,0x000000a593f00000)]
  0x0000025076f07000 JavaThread "Finalizer" daemon [_thread_blocked, id=14240, stack(0x000000a593f00000,0x000000a594000000)]
  0x0000025076f23000 JavaThread "Signal Dispatcher" daemon [_thread_blocked, id=14540, stack(0x000000a594000000,0x000000a594100000)]
  0x0000025076f26800 JavaThread "Attach Listener" daemon [_thread_blocked, id=10944, stack(0x000000a594100000,0x000000a594200000)]
  0x0000025076f2a000 JavaThread "Service Thread" daemon [_thread_blocked, id=13016, stack(0x000000a594200000,0x000000a594300000)]
  0x0000025076f2b800 JavaThread "C2 CompilerThread0" daemon [_thread_in_native, id=12136, stack(0x000000a594300000,0x000000a594400000)]
  0x0000025076f31000 JavaThread "C1 CompilerThread0" daemon [_thread_blocked, id=2604, stack(0x000000a594400000,0x000000a594500000)]
  0x0000025076f34800 JavaThread "Sweeper thread" daemon [_thread_blocked, id=13824, stack(0x000000a594500000,0x000000a594600000)]
  0x00000250779e4000 JavaThread "Common-Cleaner" daemon [_thread_blocked, id=13276, stack(0x000000a594600000,0x000000a594700000)]
  0x000002507a195800 JavaThread "Daemon health stats" [_thread_blocked, id=5072, stack(0x000000a594b00000,0x000000a594c00000)]
  0x0000025078d43800 JavaThread "Incoming local TCP Connector on port 61300" [_thread_in_native, id=6696, stack(0x000000a594800000,0x000000a594900000)]
  0x0000025078d27000 JavaThread "Daemon periodic checks" [_thread_blocked, id=7692, stack(0x000000a594c00000,0x000000a594d00000)]
  0x000002507998a800 JavaThread "Cache worker for journal cache (C:\Users\trilo\.gradle\caches\journal-1)" [_thread_blocked, id=2548, stack(0x000000a595500000,0x000000a595600000)]
  0x000002507998d800 JavaThread "File lock request listener" [_thread_in_native, id=3576, stack(0x000000a595600000,0x000000a595700000)]
  0x000002507998c800 JavaThread "Cache worker for file hash cache (C:\Users\trilo\.gradle\caches\7.3.3\fileHashes)" [_thread_blocked, id=13020, stack(0x000000a595700000,0x000000a595800000)]
  0x0000025079991000 JavaThread "File watcher server" daemon [_thread_in_native, id=10928, stack(0x000000a595a00000,0x000000a595b00000)]
  0x000002507998c000 JavaThread "File watcher consumer" daemon [_thread_blocked, id=12592, stack(0x000000a595b00000,0x000000a595c00000)]
  0x000002507cf16000 JavaThread "Cache worker for execution history cache (C:\Users\trilo\.gradle\caches\7.3.3\executionHistory)" [_thread_blocked, id=14912, stack(0x000000a595f00000,0x000000a596000000)]
  0x000002507cf13800 JavaThread "jar transforms" [_thread_blocked, id=4784, stack(0x000000a596000000,0x000000a596100000)]
  0x000002507cf12000 JavaThread "jar transforms Thread 2" [_thread_blocked, id=12272, stack(0x000000a596100000,0x000000a596200000)]
  0x000002507cf17800 JavaThread "Cache worker for file content cache (C:\Users\trilo\.gradle\caches\7.3.3\fileContent)" [_thread_blocked, id=11116, stack(0x000000a596200000,0x000000a596300000)]
  0x000002507cf12800 JavaThread "jar transforms Thread 3" [_thread_blocked, id=9912, stack(0x000000a596300000,0x000000a596400000)]
  0x000002507cf19000 JavaThread "jar transforms Thread 4" [_thread_blocked, id=13764, stack(0x000000a596400000,0x000000a596500000)]
  0x0000025079918800 JavaThread "Memory manager" [_thread_blocked, id=1384, stack(0x000000a598f00000,0x000000a599000000)]
  0x000002507db91000 JavaThread "Cache worker for Java compile cache (C:\Users\trilo\.gradle\caches\7.3.3\javaCompile)" [_thread_blocked, id=15292, stack(0x000000a599500000,0x000000a599600000)]
  0x000002507cf1c800 JavaThread "ForkJoinPool.commonPool-worker-1" daemon [_thread_blocked, id=10584, stack(0x000000a599100000,0x000000a599200000)]
  0x000002507cf1a000 JavaThread "Daemon Thread 8" [_thread_blocked, id=10744, stack(0x000000a593500000,0x000000a593600000)]
  0x000002507cf14800 JavaThread "Handler for socket connection from /127.0.0.1:61300 to /127.0.0.1:62788" [_thread_in_native, id=4112, stack(0x000000a593600000,0x000000a593700000)]
  0x000002507cf1d800 JavaThread "Cancel handler" [_thread_blocked, id=13160, stack(0x000000a594d00000,0x000000a594e00000)]
  0x000002507cf1b800 JavaThread "Daemon worker Thread 8" [_thread_blocked, id=2320, stack(0x000000a594e00000,0x000000a594f00000)]
  0x000002507cf1e000 JavaThread "Asynchronous log dispatcher for DefaultDaemonConnection: socket connection from /127.0.0.1:61300 to /127.0.0.1:62788" [_thread_blocked, id=7776, stack(0x000000a594f00000,0x000000a595000000)]
  0x00000250787c9000 JavaThread "Stdin handler" [_thread_blocked, id=10776, stack(0x000000a595000000,0x000000a595100000)]
  0x00000250787c5000 JavaThread "Daemon client event forwarder" [_thread_blocked, id=2316, stack(0x000000a595100000,0x000000a595200000)]
  0x00000250787c7000 JavaThread "Cache worker for file hash cache (D:\Study\AndroidDev\CoffeeOrder\.gradle\7.3.3\fileHashes)" [_thread_blocked, id=9704, stack(0x000000a595200000,0x000000a595300000)]
  0x00000250787c7800 JavaThread "Cache worker for checksums cache (D:\Study\AndroidDev\CoffeeOrder\.gradle\7.3.3\checksums)" [_thread_blocked, id=14096, stack(0x000000a595300000,0x000000a595400000)]
  0x00000250787c6000 JavaThread "Cache worker for cache directory md-supplier (C:\Users\trilo\.gradle\caches\7.3.3\md-supplier)" [_thread_blocked, id=8224, stack(0x000000a595800000,0x000000a595900000)]
  0x00000250787c8800 JavaThread "Cache worker for cache directory md-rule (C:\Users\trilo\.gradle\caches\7.3.3\md-rule)" [_thread_blocked, id=956, stack(0x000000a595900000,0x000000a595a00000)]
  0x00000250787ca000 JavaThread "Cache worker for dependencies-accessors (D:\Study\AndroidDev\CoffeeOrder\.gradle\7.3.3\dependencies-accessors)" [_thread_blocked, id=5332, stack(0x000000a595c00000,0x000000a595d00000)]
  0x00000250787c4800 JavaThread "Cache worker for Build Output Cleanup Cache (D:\Study\AndroidDev\CoffeeOrder\.gradle\buildOutputCleanup)" [_thread_blocked, id=2712, stack(0x000000a595d00000,0x000000a595e00000)]
  0x00000250787cb800 JavaThread "Unconstrained build operations" [_thread_blocked, id=4088, stack(0x000000a595e00000,0x000000a595f00000)]
  0x00000250787cc800 JavaThread "Unconstrained build operations Thread 2" [_thread_blocked, id=14516, stack(0x000000a596500000,0x000000a596600000)]
  0x00000250787cd800 JavaThread "Unconstrained build operations Thread 3" [_thread_blocked, id=15008, stack(0x000000a596600000,0x000000a596700000)]
  0x00000250787ce000 JavaThread "Unconstrained build operations Thread 4" [_thread_blocked, id=6048, stack(0x000000a596700000,0x000000a596800000)]
  0x00000250787d0000 JavaThread "Unconstrained build operations Thread 5" [_thread_blocked, id=7332, stack(0x000000a596800000,0x000000a596900000)]
  0x00000250787d0800 JavaThread "Unconstrained build operations Thread 6" [_thread_blocked, id=11228, stack(0x000000a596a00000,0x000000a596b00000)]
  0x00000250787cb000 JavaThread "Unconstrained build operations Thread 7" [_thread_blocked, id=8332, stack(0x000000a596b00000,0x000000a596c00000)]
  0x00000250787d1800 JavaThread "Unconstrained build operations Thread 8" [_thread_blocked, id=10648, stack(0x000000a596c00000,0x000000a596d00000)]
  0x00000250787d2000 JavaThread "Unconstrained build operations Thread 9" [_thread_blocked, id=11292, stack(0x000000a596d00000,0x000000a596e00000)]
  0x00000250787d3000 JavaThread "Unconstrained build operations Thread 10" [_thread_blocked, id=4584, stack(0x000000a596e00000,0x000000a596f00000)]
  0x000002507b1de800 JavaThread "Unconstrained build operations Thread 11" [_thread_blocked, id=7444, stack(0x000000a596f00000,0x000000a597000000)]
  0x000002507b1e4000 JavaThread "Unconstrained build operations Thread 12" [_thread_blocked, id=13196, stack(0x000000a597000000,0x000000a597100000)]
  0x000002507b1e3800 JavaThread "Unconstrained build operations Thread 13" [_thread_blocked, id=14252, stack(0x000000a597100000,0x000000a597200000)]
  0x000002507b1e5000 JavaThread "Unconstrained build operations Thread 14" [_thread_blocked, id=5672, stack(0x000000a597200000,0x000000a597300000)]
  0x000002507b1e2800 JavaThread "Unconstrained build operations Thread 15" [_thread_blocked, id=5988, stack(0x000000a597300000,0x000000a597400000)]
  0x000002507b1df800 JavaThread "Unconstrained build operations Thread 16" [_thread_blocked, id=5080, stack(0x000000a597400000,0x000000a597500000)]
  0x000002507b1e6000 JavaThread "Unconstrained build operations Thread 17" [_thread_blocked, id=7552, stack(0x000000a597500000,0x000000a597600000)]
  0x000002507b1e1800 JavaThread "Unconstrained build operations Thread 18" [_thread_blocked, id=3868, stack(0x000000a597600000,0x000000a597700000)]
  0x000002507b1e1000 JavaThread "Unconstrained build operations Thread 19" [_thread_blocked, id=15316, stack(0x000000a597700000,0x000000a597800000)]
  0x000002507b1e0000 JavaThread "Unconstrained build operations Thread 20" [_thread_blocked, id=10056, stack(0x000000a597800000,0x000000a597900000)]
  0x000002507b1e6800 JavaThread "Unconstrained build operations Thread 21" [_thread_blocked, id=3568, stack(0x000000a597900000,0x000000a597a00000)]
  0x000002507b1ea800 JavaThread "Unconstrained build operations Thread 22" [_thread_blocked, id=10712, stack(0x000000a597a00000,0x000000a597b00000)]
  0x000002507b1e8000 JavaThread "Unconstrained build operations Thread 23" [_thread_blocked, id=3280, stack(0x000000a597b00000,0x000000a597c00000)]
  0x000002507b1e9000 JavaThread "Unconstrained build operations Thread 24" [_thread_blocked, id=12632, stack(0x000000a597c00000,0x000000a597d00000)]
  0x000002507b1ed000 JavaThread "Unconstrained build operations Thread 25" [_thread_blocked, id=2012, stack(0x000000a597d00000,0x000000a597e00000)]
  0x000002507b1ea000 JavaThread "Unconstrained build operations Thread 26" [_thread_blocked, id=4060, stack(0x000000a597e00000,0x000000a597f00000)]
  0x000002507b1e7800 JavaThread "Unconstrained build operations Thread 27" [_thread_blocked, id=11064, stack(0x000000a597f00000,0x000000a598000000)]
  0x000002507b1eb800 JavaThread "Unconstrained build operations Thread 28" [_thread_blocked, id=7204, stack(0x000000a598000000,0x000000a598100000)]
  0x000002507990f800 JavaThread "Unconstrained build operations Thread 29" [_thread_blocked, id=8280, stack(0x000000a598100000,0x000000a598200000)]
  0x000002507990e000 JavaThread "Unconstrained build operations Thread 30" [_thread_blocked, id=14788, stack(0x000000a598200000,0x000000a598300000)]
  0x0000025079912000 JavaThread "Unconstrained build operations Thread 31" [_thread_blocked, id=10592, stack(0x000000a598300000,0x000000a598400000)]
  0x000002507990d000 JavaThread "Unconstrained build operations Thread 32" [_thread_blocked, id=11852, stack(0x000000a598400000,0x000000a598500000)]
  0x0000025079910800 JavaThread "Unconstrained build operations Thread 33" [_thread_blocked, id=7172, stack(0x000000a598500000,0x000000a598600000)]
  0x0000025079911000 JavaThread "Unconstrained build operations Thread 34" [_thread_blocked, id=4632, stack(0x000000a598600000,0x000000a598700000)]
  0x000002507990e800 JavaThread "Unconstrained build operations Thread 35" [_thread_blocked, id=9632, stack(0x000000a598700000,0x000000a598800000)]
  0x000002507990c800 JavaThread "Unconstrained build operations Thread 36" [_thread_blocked, id=14284, stack(0x000000a598800000,0x000000a598900000)]
  0x0000025079917000 JavaThread "Unconstrained build operations Thread 37" [_thread_blocked, id=7948, stack(0x000000a598900000,0x000000a598a00000)]
  0x0000025079917800 JavaThread "Unconstrained build operations Thread 38" [_thread_blocked, id=824, stack(0x000000a598a00000,0x000000a598b00000)]
  0x0000025079913000 JavaThread "Unconstrained build operations Thread 39" [_thread_blocked, id=852, stack(0x000000a598b00000,0x000000a598c00000)]
  0x0000025079914800 JavaThread "Unconstrained build operations Thread 40" [_thread_blocked, id=13088, stack(0x000000a598c00000,0x000000a598d00000)]
  0x0000025079916000 JavaThread "build event listener" [_thread_blocked, id=13516, stack(0x000000a596900000,0x000000a596a00000)]
  0x0000025079913800 JavaThread "Execution worker for ':'" [_thread_blocked, id=14304, stack(0x000000a598d00000,0x000000a598e00000)]
  0x000002507991a000 JavaThread "Execution worker for ':' Thread 2" [_thread_blocked, id=7192, stack(0x000000a598e00000,0x000000a598f00000)]
  0x000002507991b000 JavaThread "Execution worker for ':' Thread 3" [_thread_in_native, id=1668, stack(0x000000a599000000,0x000000a599100000)]
  0x0000025079915000 JavaThread "Cache worker for execution history cache (D:\Study\AndroidDev\CoffeeOrder\.gradle\7.3.3\executionHistory)" [_thread_blocked, id=14720, stack(0x000000a599200000,0x000000a599300000)]
  0x000002507db92800 JavaThread "Build operations" [_thread_blocked, id=5528, stack(0x000000a599400000,0x000000a599500000)]
  0x000002507db8e800 JavaThread "Build operations Thread 2" [_thread_blocked, id=13836, stack(0x000000a599600000,0x000000a599700000)]
  0x000002507db91800 JavaThread "Build operations Thread 3" [_thread_blocked, id=5440, stack(0x000000a599700000,0x000000a599800000)]
  0x000002507db8f000 JavaThread "Build operations Thread 4" [_thread_blocked, id=8832, stack(0x000000a599800000,0x000000a599900000)]

Other Threads:
  0x0000025076f00800 VMThread "VM Thread" [stack: 0x000000a593d00000,0x000000a593e00000] [id=6880]
  0x0000025077a12000 WatcherThread [stack: 0x000000a594700000,0x000000a594800000] [id=14844]
  0x000002505d311000 GCTaskThread "GC Thread#0" [stack: 0x000000a593800000,0x000000a593900000] [id=4640]
  0x000002507809f800 GCTaskThread "GC Thread#1" [stack: 0x000000a594900000,0x000000a594a00000] [id=14616]
  0x0000025078319800 GCTaskThread "GC Thread#2" [stack: 0x000000a594a00000,0x000000a594b00000] [id=7988]
  0x0000025079dca800 GCTaskThread "GC Thread#3" [stack: 0x000000a595400000,0x000000a595500000] [id=2596]
  0x000002505d342000 ConcurrentGCThread "G1 Main Marker" [stack: 0x000000a593900000,0x000000a593a00000] [id=13808]
=>0x000002505d343000 ConcurrentGCThread "G1 Conc#0" [stack: 0x000000a593a00000,0x000000a593b00000] [id=5548]
  0x0000025076d60800 ConcurrentGCThread "G1 Refine#0" [stack: 0x000000a593b00000,0x000000a593c00000] [id=232]
  0x0000025076d61800 ConcurrentGCThread "G1 Young RemSet Sampling" [stack: 0x000000a593c00000,0x000000a593d00000] [id=8596]

Threads with active compile tasks:
C2 CompilerThread0  4256964 25716   !   4       java.nio.channels.spi.AbstractInterruptibleChannel::close (37 bytes)

VM state:not at safepoint (normal execution)

VM Mutex/Monitor currently owned by a thread: None

Heap address: 0x0000000080000000, size: 2048 MB, Compressed Oops mode: 32-bit
Narrow klass base: 0x0000000000000000, Narrow klass shift: 3
Compressed class space size: 1073741824 Address: 0x0000000100000000

Heap:
 garbage-first heap   total 270336K, used 134597K [0x0000000080000000, 0x0000000100000000)
  region size 1024K, 16 young (16384K), 7 survivors (7168K)
 Metaspace       used 127408K, capacity 131538K, committed 131696K, reserved 1163264K
  class space    used 15666K, capacity 17174K, committed 17176K, reserved 1048576K
Heap Regions: E=young(eden), S=young(survivor), O=old, HS=humongous(starts), HC=humongous(continues), CS=collection set, F=free, A=archive, TAMS=top-at-mark-start (previous, next)
|   0|0x0000000080000000, 0x0000000080100000, 0x0000000080100000|100%| O|  |TAMS 0x0000000080100000, 0x0000000080100000| Untracked 
|   1|0x0000000080100000, 0x0000000080200000, 0x0000000080200000|100%| O|  |TAMS 0x0000000080200000, 0x0000000080200000| Untracked 
|   2|0x0000000080200000, 0x0000000080300000, 0x0000000080300000|100%| O|  |TAMS 0x0000000080300000, 0x0000000080300000| Untracked 
|   3|0x0000000080300000, 0x0000000080400000, 0x0000000080400000|100%|HS|  |TAMS 0x0000000080400000, 0x0000000080400000| Complete 
|   4|0x0000000080400000, 0x0000000080500000, 0x0000000080500000|100%|HC|  |TAMS 0x0000000080500000, 0x0000000080500000| Complete 
|   5|0x0000000080500000, 0x0000000080600000, 0x0000000080600000|100%|HC|  |TAMS 0x0000000080600000, 0x0000000080600000| Complete 
|   6|0x0000000080600000, 0x0000000080700000, 0x0000000080700000|100%| O|  |TAMS 0x0000000080700000, 0x0000000080700000| Untracked 
|   7|0x0000000080700000, 0x0000000080800000, 0x0000000080800000|100%| O|  |TAMS 0x0000000080800000, 0x0000000080800000| Untracked 
|   8|0x0000000080800000, 0x0000000080900000, 0x0000000080900000|100%| O|  |TAMS 0x0000000080900000, 0x0000000080900000| Untracked 
|   9|0x0000000080900000, 0x0000000080a00000, 0x0000000080a00000|100%| O|  |TAMS 0x0000000080a00000, 0x0000000080a00000| Untracked 
|  10|0x0000000080a00000, 0x0000000080b00000, 0x0000000080b00000|100%| O|  |TAMS 0x0000000080b00000, 0x0000000080b00000| Untracked 
|  11|0x0000000080b00000, 0x0000000080c00000, 0x0000000080c00000|100%| O|  |TAMS 0x0000000080c00000, 0x0000000080c00000| Untracked 
|  12|0x0000000080c00000, 0x0000000080d00000, 0x0000000080d00000|100%| O|  |TAMS 0x0000000080d00000, 0x0000000080d00000| Untracked 
|  13|0x0000000080d00000, 0x0000000080e00000, 0x0000000080e00000|100%| O|  |TAMS 0x0000000080e00000, 0x0000000080e00000| Untracked 
|  14|0x0000000080e00000, 0x0000000080f00000, 0x0000000080f00000|100%| O|  |TAMS 0x0000000080f00000, 0x0000000080f00000| Untracked 
|  15|0x0000000080f00000, 0x0000000081000000, 0x0000000081000000|100%| O|  |TAMS 0x0000000081000000, 0x0000000081000000| Untracked 
|  16|0x0000000081000000, 0x0000000081100000, 0x0000000081100000|100%|HS|  |TAMS 0x0000000081100000, 0x0000000081100000| Complete 
|  17|0x0000000081100000, 0x0000000081200000, 0x0000000081200000|100%| O|  |TAMS 0x0000000081200000, 0x0000000081200000| Untracked 
|  18|0x0000000081200000, 0x0000000081300000, 0x0000000081300000|100%| O|  |TAMS 0x0000000081300000, 0x0000000081300000| Untracked 
|  19|0x0000000081300000, 0x0000000081400000, 0x0000000081400000|100%| O|  |TAMS 0x0000000081400000, 0x0000000081400000| Untracked 
|  20|0x0000000081400000, 0x0000000081500000, 0x0000000081500000|100%| O|  |TAMS 0x0000000081500000, 0x0000000081500000| Untracked 
|  21|0x0000000081500000, 0x0000000081600000, 0x0000000081600000|100%| O|  |TAMS 0x0000000081600000, 0x0000000081600000| Untracked 
|  22|0x0000000081600000, 0x0000000081700000, 0x0000000081700000|100%| O|  |TAMS 0x0000000081700000, 0x0000000081700000| Untracked 
|  23|0x0000000081700000, 0x0000000081800000, 0x0000000081800000|100%| O|  |TAMS 0x0000000081800000, 0x0000000081800000| Untracked 
|  24|0x0000000081800000, 0x0000000081900000, 0x0000000081900000|100%| O|  |TAMS 0x0000000081900000, 0x0000000081900000| Untracked 
|  25|0x0000000081900000, 0x0000000081a00000, 0x0000000081a00000|100%| O|  |TAMS 0x0000000081a00000, 0x0000000081a00000| Untracked 
|  26|0x0000000081a00000, 0x0000000081b00000, 0x0000000081b00000|100%| O|  |TAMS 0x0000000081b00000, 0x0000000081b00000| Untracked 
|  27|0x0000000081b00000, 0x0000000081c00000, 0x0000000081c00000|100%| O|  |TAMS 0x0000000081c00000, 0x0000000081c00000| Untracked 
|  28|0x0000000081c00000, 0x0000000081d00000, 0x0000000081d00000|100%| O|  |TAMS 0x0000000081d00000, 0x0000000081d00000| Untracked 
|  29|0x0000000081d00000, 0x0000000081e00000, 0x0000000081e00000|100%| O|  |TAMS 0x0000000081e00000, 0x0000000081e00000| Untracked 
|  30|0x0000000081e00000, 0x0000000081f00000, 0x0000000081f00000|100%|HS|  |TAMS 0x0000000081f00000, 0x0000000081f00000| Complete 
|  31|0x0000000081f00000, 0x0000000082000000, 0x0000000082000000|100%|HS|  |TAMS 0x0000000082000000, 0x0000000082000000| Complete 
|  32|0x0000000082000000, 0x0000000082100000, 0x0000000082100000|100%|HC|  |TAMS 0x0000000082100000, 0x0000000082100000| Complete 
|  33|0x0000000082100000, 0x0000000082200000, 0x0000000082200000|100%|HS|  |TAMS 0x0000000082200000, 0x0000000082200000| Complete 
|  34|0x0000000082200000, 0x0000000082300000, 0x0000000082300000|100%|HC|  |TAMS 0x0000000082300000, 0x0000000082300000| Complete 
|  35|0x0000000082300000, 0x0000000082400000, 0x0000000082400000|100%|HC|  |TAMS 0x0000000082400000, 0x0000000082400000| Complete 
|  36|0x0000000082400000, 0x0000000082500000, 0x0000000082500000|100%|HC|  |TAMS 0x0000000082500000, 0x0000000082500000| Complete 
|  37|0x0000000082500000, 0x0000000082600000, 0x0000000082600000|100%|HS|  |TAMS 0x0000000082600000, 0x0000000082600000| Complete 
|  38|0x0000000082600000, 0x0000000082700000, 0x0000000082700000|100%|HC|  |TAMS 0x0000000082700000, 0x0000000082700000| Complete 
|  39|0x0000000082700000, 0x0000000082800000, 0x0000000082800000|100%| O|  |TAMS 0x0000000082800000, 0x0000000082800000| Untracked 
|  40|0x0000000082800000, 0x0000000082900000, 0x0000000082900000|100%| O|  |TAMS 0x0000000082900000, 0x0000000082900000| Untracked 
|  41|0x0000000082900000, 0x0000000082900000, 0x0000000082a00000|  0%| F|  |TAMS 0x0000000082900000, 0x0000000082900000| Untracked 
|  42|0x0000000082a00000, 0x0000000082b00000, 0x0000000082b00000|100%| O|  |TAMS 0x0000000082b00000, 0x0000000082b00000| Untracked 
|  43|0x0000000082b00000, 0x0000000082c00000, 0x0000000082c00000|100%| O|  |TAMS 0x0000000082c00000, 0x0000000082c00000| Untracked 
|  44|0x0000000082c00000, 0x0000000082d00000, 0x0000000082d00000|100%| O|  |TAMS 0x0000000082d00000, 0x0000000082d00000| Untracked 
|  45|0x0000000082d00000, 0x0000000082e00000, 0x0000000082e00000|100%| O|  |TAMS 0x0000000082e00000, 0x0000000082e00000| Untracked 
|  46|0x0000000082e00000, 0x0000000082f00000, 0x0000000082f00000|100%| O|  |TAMS 0x0000000082f00000, 0x0000000082f00000| Untracked 
|  47|0x0000000082f00000, 0x0000000083000000, 0x0000000083000000|100%| O|  |TAMS 0x0000000083000000, 0x0000000083000000| Untracked 
|  48|0x0000000083000000, 0x0000000083100000, 0x0000000083100000|100%| O|  |TAMS 0x0000000083100000, 0x0000000083100000| Untracked 
|  49|0x0000000083100000, 0x0000000083200000, 0x0000000083200000|100%| O|  |TAMS 0x0000000083200000, 0x0000000083200000| Untracked 
|  50|0x0000000083200000, 0x0000000083300000, 0x0000000083300000|100%| O|  |TAMS 0x0000000083300000, 0x0000000083300000| Untracked 
|  51|0x0000000083300000, 0x0000000083400000, 0x0000000083400000|100%| O|  |TAMS 0x0000000083400000, 0x0000000083400000| Untracked 
|  52|0x0000000083400000, 0x0000000083500000, 0x0000000083500000|100%| O|  |TAMS 0x0000000083400000, 0x0000000083500000| Untracked 
|  53|0x0000000083500000, 0x0000000083600000, 0x0000000083600000|100%| O|  |TAMS 0x0000000083600000, 0x0000000083600000| Untracked 
|  54|0x0000000083600000, 0x0000000083700000, 0x0000000083700000|100%| O|  |TAMS 0x0000000083700000, 0x0000000083700000| Untracked 
|  55|0x0000000083700000, 0x0000000083800000, 0x0000000083800000|100%| O|  |TAMS 0x0000000083800000, 0x0000000083800000| Untracked 
|  56|0x0000000083800000, 0x0000000083900000, 0x0000000083900000|100%| O|  |TAMS 0x0000000083900000, 0x0000000083900000| Untracked 
|  57|0x0000000083900000, 0x0000000083a00000, 0x0000000083a00000|100%| O|  |TAMS 0x0000000083a00000, 0x0000000083a00000| Untracked 
|  58|0x0000000083a00000, 0x0000000083b00000, 0x0000000083b00000|100%| O|  |TAMS 0x0000000083b00000, 0x0000000083b00000| Untracked 
|  59|0x0000000083b00000, 0x0000000083c00000, 0x0000000083c00000|100%| O|  |TAMS 0x0000000083c00000, 0x0000000083c00000| Untracked 
|  60|0x0000000083c00000, 0x0000000083d00000, 0x0000000083d00000|100%| O|  |TAMS 0x0000000083d00000, 0x0000000083d00000| Untracked 
|  61|0x0000000083d00000, 0x0000000083e00000, 0x0000000083e00000|100%| O|  |TAMS 0x0000000083e00000, 0x0000000083e00000| Untracked 
|  62|0x0000000083e00000, 0x0000000083f00000, 0x0000000083f00000|100%| O|  |TAMS 0x0000000083e00000, 0x0000000083f00000| Untracked 
|  63|0x0000000083f00000, 0x0000000084000000, 0x0000000084000000|100%| O|  |TAMS 0x0000000084000000, 0x0000000084000000| Untracked 
|  64|0x0000000084000000, 0x0000000084100000, 0x0000000084100000|100%| O|  |TAMS 0x0000000084100000, 0x0000000084100000| Untracked 
|  65|0x0000000084100000, 0x0000000084200000, 0x0000000084200000|100%| O|  |TAMS 0x0000000084200000, 0x0000000084200000| Untracked 
|  66|0x0000000084200000, 0x0000000084300000, 0x0000000084300000|100%| O|  |TAMS 0x0000000084300000, 0x0000000084300000| Untracked 
|  67|0x0000000084300000, 0x0000000084400000, 0x0000000084400000|100%| O|  |TAMS 0x0000000084400000, 0x0000000084400000| Untracked 
|  68|0x0000000084400000, 0x0000000084500000, 0x0000000084500000|100%| O|  |TAMS 0x0000000084500000, 0x0000000084500000| Untracked 
|  69|0x0000000084500000, 0x0000000084600000, 0x0000000084600000|100%| O|  |TAMS 0x0000000084600000, 0x0000000084600000| Untracked 
|  70|0x0000000084600000, 0x0000000084700000, 0x0000000084700000|100%| O|  |TAMS 0x0000000084700000, 0x0000000084700000| Untracked 
|  71|0x0000000084700000, 0x0000000084800000, 0x0000000084800000|100%| O|  |TAMS 0x0000000084800000, 0x0000000084800000| Untracked 
|  72|0x0000000084800000, 0x0000000084900000, 0x0000000084900000|100%| O|  |TAMS 0x0000000084900000, 0x0000000084900000| Untracked 
|  73|0x0000000084900000, 0x0000000084a00000, 0x0000000084a00000|100%| O|  |TAMS 0x0000000084a00000, 0x0000000084a00000| Untracked 
|  74|0x0000000084a00000, 0x0000000084b00000, 0x0000000084b00000|100%| O|  |TAMS 0x0000000084b00000, 0x0000000084b00000| Untracked 
|  75|0x0000000084b00000, 0x0000000084c00000, 0x0000000084c00000|100%| O|  |TAMS 0x0000000084c00000, 0x0000000084c00000| Untracked 
|  76|0x0000000084c00000, 0x0000000084d00000, 0x0000000084d00000|100%| O|  |TAMS 0x0000000084d00000, 0x0000000084d00000| Untracked 
|  77|0x0000000084d00000, 0x0000000084e00000, 0x0000000084e00000|100%| O|  |TAMS 0x0000000084e00000, 0x0000000084e00000| Untracked 
|  78|0x0000000084e00000, 0x0000000084f00000, 0x0000000084f00000|100%| O|  |TAMS 0x0000000084f00000, 0x0000000084f00000| Untracked 
|  79|0x0000000084f00000, 0x0000000085000000, 0x0000000085000000|100%| O|  |TAMS 0x0000000085000000, 0x0000000085000000| Untracked 
|  80|0x0000000085000000, 0x0000000085100000, 0x0000000085100000|100%| O|  |TAMS 0x0000000085100000, 0x0000000085100000| Untracked 
|  81|0x0000000085100000, 0x0000000085200000, 0x0000000085200000|100%| O|  |TAMS 0x0000000085200000, 0x0000000085200000| Untracked 
|  82|0x0000000085200000, 0x0000000085300000, 0x0000000085300000|100%| O|  |TAMS 0x0000000085300000, 0x0000000085300000| Untracked 
|  83|0x0000000085300000, 0x0000000085400000, 0x0000000085400000|100%| O|  |TAMS 0x0000000085300000, 0x0000000085400000| Untracked 
|  84|0x0000000085400000, 0x0000000085500000, 0x0000000085500000|100%| O|  |TAMS 0x0000000085500000, 0x0000000085500000| Untracked 
|  85|0x0000000085500000, 0x0000000085600000, 0x0000000085600000|100%| O|  |TAMS 0x0000000085600000, 0x0000000085600000| Untracked 
|  86|0x0000000085600000, 0x0000000085700000, 0x0000000085700000|100%| O|  |TAMS 0x0000000085700000, 0x0000000085700000| Untracked 
|  87|0x0000000085700000, 0x0000000085800000, 0x0000000085800000|100%| O|  |TAMS 0x0000000085800000, 0x0000000085800000| Untracked 
|  88|0x0000000085800000, 0x0000000085878a00, 0x0000000085900000| 47%| O|  |TAMS 0x0000000085800000, 0x0000000085878a00| Untracked 
|  89|0x0000000085900000, 0x0000000085a00000, 0x0000000085a00000|100%| O|  |TAMS 0x0000000085a00000, 0x0000000085a00000| Untracked 
|  90|0x0000000085a00000, 0x0000000085b00000, 0x0000000085b00000|100%| O|  |TAMS 0x0000000085b00000, 0x0000000085b00000| Untracked 
|  91|0x0000000085b00000, 0x0000000085c00000, 0x0000000085c00000|100%| O|  |TAMS 0x0000000085c00000, 0x0000000085c00000| Untracked 
|  92|0x0000000085c00000, 0x0000000085d00000, 0x0000000085d00000|100%| O|  |TAMS 0x0000000085d00000, 0x0000000085d00000| Untracked 
|  93|0x0000000085d00000, 0x0000000085e00000, 0x0000000085e00000|100%| O|  |TAMS 0x0000000085e00000, 0x0000000085e00000| Untracked 
|  94|0x0000000085e00000, 0x0000000085f00000, 0x0000000085f00000|100%| O|  |TAMS 0x0000000085f00000, 0x0000000085f00000| Untracked 
|  95|0x0000000085f00000, 0x0000000086000000, 0x0000000086000000|100%| O|  |TAMS 0x0000000086000000, 0x0000000086000000| Untracked 
|  96|0x0000000086000000, 0x0000000086100000, 0x0000000086100000|100%| O|  |TAMS 0x0000000086100000, 0x0000000086100000| Untracked 
|  97|0x0000000086100000, 0x0000000086100000, 0x0000000086200000|  0%| F|  |TAMS 0x0000000086100000, 0x0000000086100000| Untracked 
|  98|0x0000000086200000, 0x0000000086300000, 0x0000000086300000|100%| O|  |TAMS 0x0000000086300000, 0x0000000086300000| Untracked 
|  99|0x0000000086300000, 0x0000000086400000, 0x0000000086400000|100%| O|  |TAMS 0x0000000086400000, 0x0000000086400000| Untracked 
| 100|0x0000000086400000, 0x0000000086400000, 0x0000000086500000|  0%| F|  |TAMS 0x0000000086400000, 0x0000000086400000| Untracked 
| 101|0x0000000086500000, 0x0000000086600000, 0x0000000086600000|100%| O|  |TAMS 0x0000000086600000, 0x0000000086600000| Untracked 
| 102|0x0000000086600000, 0x0000000086700000, 0x0000000086700000|100%| O|  |TAMS 0x0000000086700000, 0x0000000086700000| Untracked 
| 103|0x0000000086700000, 0x0000000086800000, 0x0000000086800000|100%| O|  |TAMS 0x0000000086800000, 0x0000000086800000| Untracked 
| 104|0x0000000086800000, 0x0000000086900000, 0x0000000086900000|100%|HS|  |TAMS 0x0000000086800000, 0x0000000086800000| Complete 
| 105|0x0000000086900000, 0x0000000086a00000, 0x0000000086a00000|100%|HC|  |TAMS 0x0000000086900000, 0x0000000086900000| Complete 
| 106|0x0000000086a00000, 0x0000000086a00000, 0x0000000086b00000|  0%| F|  |TAMS 0x0000000086a00000, 0x0000000086a00000| Untracked 
| 107|0x0000000086b00000, 0x0000000086c00000, 0x0000000086c00000|100%| O|  |TAMS 0x0000000086c00000, 0x0000000086c00000| Untracked 
| 108|0x0000000086c00000, 0x0000000086d00000, 0x0000000086d00000|100%| O|  |TAMS 0x0000000086d00000, 0x0000000086d00000| Untracked 
| 109|0x0000000086d00000, 0x0000000086d00000, 0x0000000086e00000|  0%| F|  |TAMS 0x0000000086d00000, 0x0000000086d00000| Untracked 
| 110|0x0000000086e00000, 0x0000000086e00000, 0x0000000086f00000|  0%| F|  |TAMS 0x0000000086e00000, 0x0000000086e00000| Untracked 
| 111|0x0000000086f00000, 0x0000000087000000, 0x0000000087000000|100%| O|  |TAMS 0x0000000087000000, 0x0000000087000000| Untracked 
| 112|0x0000000087000000, 0x0000000087000000, 0x0000000087100000|  0%| F|  |TAMS 0x0000000087000000, 0x0000000087000000| Untracked 
| 113|0x0000000087100000, 0x0000000087100000, 0x0000000087200000|  0%| F|  |TAMS 0x0000000087100000, 0x0000000087100000| Untracked 
| 114|0x0000000087200000, 0x0000000087300000, 0x0000000087300000|100%| O|  |TAMS 0x0000000087300000, 0x0000000087300000| Untracked 
| 115|0x0000000087300000, 0x0000000087300000, 0x0000000087400000|  0%| F|  |TAMS 0x0000000087300000, 0x0000000087300000| Untracked 
| 116|0x0000000087400000, 0x0000000087400000, 0x0000000087500000|  0%| F|  |TAMS 0x0000000087400000, 0x0000000087400000| Untracked 
| 117|0x0000000087500000, 0x0000000087600000, 0x0000000087600000|100%| O|  |TAMS 0x0000000087600000, 0x0000000087600000| Untracked 
| 118|0x0000000087600000, 0x0000000087700000, 0x0000000087700000|100%| O|  |TAMS 0x0000000087700000, 0x0000000087700000| Untracked 
| 119|0x0000000087700000, 0x0000000087800000, 0x0000000087800000|100%| O|  |TAMS 0x0000000087800000, 0x0000000087800000| Untracked 
| 120|0x0000000087800000, 0x0000000087900000, 0x0000000087900000|100%| O|  |TAMS 0x0000000087900000, 0x0000000087900000| Untracked 
| 121|0x0000000087900000, 0x0000000087a00000, 0x0000000087a00000|100%| O|  |TAMS 0x0000000087a00000, 0x0000000087a00000| Untracked 
| 122|0x0000000087a00000, 0x0000000087a00000, 0x0000000087b00000|  0%| F|  |TAMS 0x0000000087a00000, 0x0000000087a00000| Untracked 
| 123|0x0000000087b00000, 0x0000000087b00000, 0x0000000087c00000|  0%| F|  |TAMS 0x0000000087b00000, 0x0000000087b00000| Untracked 
| 124|0x0000000087c00000, 0x0000000087c00000, 0x0000000087d00000|  0%| F|  |TAMS 0x0000000087c00000, 0x0000000087c00000| Untracked 
| 125|0x0000000087d00000, 0x0000000087d00000, 0x0000000087e00000|  0%| F|  |TAMS 0x0000000087d00000, 0x0000000087d00000| Untracked 
| 126|0x0000000087e00000, 0x0000000087f00000, 0x0000000087f00000|100%| O|  |TAMS 0x0000000087f00000, 0x0000000087f00000| Untracked 
| 127|0x0000000087f00000, 0x0000000088000000, 0x0000000088000000|100%| O|  |TAMS 0x0000000088000000, 0x0000000088000000| Untracked 
| 128|0x0000000088000000, 0x0000000088100000, 0x0000000088100000|100%| O|  |TAMS 0x0000000088100000, 0x0000000088100000| Untracked 
| 129|0x0000000088100000, 0x0000000088200000, 0x0000000088200000|100%| O|  |TAMS 0x0000000088200000, 0x0000000088200000| Untracked 
| 130|0x0000000088200000, 0x0000000088300000, 0x0000000088300000|100%| O|  |TAMS 0x0000000088300000, 0x0000000088300000| Untracked 
| 131|0x0000000088300000, 0x0000000088400000, 0x0000000088400000|100%| O|  |TAMS 0x0000000088400000, 0x0000000088400000| Untracked 
| 132|0x0000000088400000, 0x0000000088400000, 0x0000000088500000|  0%| F|  |TAMS 0x0000000088400000, 0x0000000088400000| Untracked 
| 133|0x0000000088500000, 0x0000000088500000, 0x0000000088600000|  0%| F|  |TAMS 0x0000000088500000, 0x0000000088500000| Untracked 
| 134|0x0000000088600000, 0x0000000088600000, 0x0000000088700000|  0%| F|  |TAMS 0x0000000088600000, 0x0000000088600000| Untracked 
| 135|0x0000000088700000, 0x0000000088700000, 0x0000000088800000|  0%| F|  |TAMS 0x0000000088700000, 0x0000000088700000| Untracked 
| 136|0x0000000088800000, 0x0000000088800000, 0x0000000088900000|  0%| F|  |TAMS 0x0000000088800000, 0x0000000088800000| Untracked 
| 137|0x0000000088900000, 0x0000000088900000, 0x0000000088a00000|  0%| F|  |TAMS 0x0000000088900000, 0x0000000088900000| Untracked 
| 138|0x0000000088a00000, 0x0000000088a00000, 0x0000000088b00000|  0%| F|  |TAMS 0x0000000088a00000, 0x0000000088a00000| Untracked 
| 139|0x0000000088b00000, 0x0000000088b00000, 0x0000000088c00000|  0%| F|  |TAMS 0x0000000088b00000, 0x0000000088b00000| Untracked 
| 140|0x0000000088c00000, 0x0000000088c00000, 0x0000000088d00000|  0%| F|  |TAMS 0x0000000088c00000, 0x0000000088c00000| Untracked 
| 141|0x0000000088d00000, 0x0000000088d00000, 0x0000000088e00000|  0%| F|  |TAMS 0x0000000088d00000, 0x0000000088d00000| Untracked 
| 142|0x0000000088e00000, 0x0000000088e00000, 0x0000000088f00000|  0%| F|  |TAMS 0x0000000088e00000, 0x0000000088e00000| Untracked 
| 143|0x0000000088f00000, 0x0000000088f00000, 0x0000000089000000|  0%| F|  |TAMS 0x0000000088f00000, 0x0000000088f00000| Untracked 
| 144|0x0000000089000000, 0x0000000089000000, 0x0000000089100000|  0%| F|  |TAMS 0x0000000089000000, 0x0000000089000000| Untracked 
| 145|0x0000000089100000, 0x0000000089100000, 0x0000000089200000|  0%| F|  |TAMS 0x0000000089100000, 0x0000000089100000| Untracked 
| 146|0x0000000089200000, 0x0000000089200000, 0x0000000089300000|  0%| F|  |TAMS 0x0000000089200000, 0x0000000089200000| Untracked 
| 147|0x0000000089300000, 0x0000000089300000, 0x0000000089400000|  0%| F|  |TAMS 0x0000000089300000, 0x0000000089300000| Untracked 
| 148|0x0000000089400000, 0x0000000089400000, 0x0000000089500000|  0%| F|  |TAMS 0x0000000089400000, 0x0000000089400000| Untracked 
| 149|0x0000000089500000, 0x0000000089500000, 0x0000000089600000|  0%| F|  |TAMS 0x0000000089500000, 0x0000000089500000| Untracked 
| 150|0x0000000089600000, 0x0000000089600000, 0x0000000089700000|  0%| F|  |TAMS 0x0000000089600000, 0x0000000089600000| Untracked 
| 151|0x0000000089700000, 0x0000000089700000, 0x0000000089800000|  0%| F|  |TAMS 0x0000000089700000, 0x0000000089700000| Untracked 
| 152|0x0000000089800000, 0x0000000089800000, 0x0000000089900000|  0%| F|  |TAMS 0x0000000089800000, 0x0000000089800000| Untracked 
| 153|0x0000000089900000, 0x0000000089900000, 0x0000000089a00000|  0%| F|  |TAMS 0x0000000089900000, 0x0000000089900000| Untracked 
| 154|0x0000000089a00000, 0x0000000089a00000, 0x0000000089b00000|  0%| F|  |TAMS 0x0000000089a00000, 0x0000000089a00000| Untracked 
| 155|0x0000000089b00000, 0x0000000089b00000, 0x0000000089c00000|  0%| F|  |TAMS 0x0000000089b00000, 0x0000000089b00000| Untracked 
| 156|0x0000000089c00000, 0x0000000089c00000, 0x0000000089d00000|  0%| F|  |TAMS 0x0000000089c00000, 0x0000000089c00000| Untracked 
| 157|0x0000000089d00000, 0x0000000089d00000, 0x0000000089e00000|  0%| F|  |TAMS 0x0000000089d00000, 0x0000000089d00000| Untracked 
| 158|0x0000000089e00000, 0x0000000089e00000, 0x0000000089f00000|  0%| F|  |TAMS 0x0000000089e00000, 0x0000000089e00000| Untracked 
| 159|0x0000000089f00000, 0x0000000089f00000, 0x000000008a000000|  0%| F|  |TAMS 0x0000000089f00000, 0x0000000089f00000| Untracked 
| 160|0x000000008a000000, 0x000000008a000000, 0x000000008a100000|  0%| F|  |TAMS 0x000000008a000000, 0x000000008a000000| Untracked 
| 161|0x000000008a100000, 0x000000008a100000, 0x000000008a200000|  0%| F|  |TAMS 0x000000008a100000, 0x000000008a100000| Untracked 
| 162|0x000000008a200000, 0x000000008a200000, 0x000000008a300000|  0%| F|  |TAMS 0x000000008a200000, 0x000000008a200000| Untracked 
| 163|0x000000008a300000, 0x000000008a300000, 0x000000008a400000|  0%| F|  |TAMS 0x000000008a300000, 0x000000008a300000| Untracked 
| 164|0x000000008a400000, 0x000000008a400000, 0x000000008a500000|  0%| F|  |TAMS 0x000000008a400000, 0x000000008a400000| Untracked 
| 165|0x000000008a500000, 0x000000008a500000, 0x000000008a600000|  0%| F|  |TAMS 0x000000008a500000, 0x000000008a500000| Untracked 
| 166|0x000000008a600000, 0x000000008a600000, 0x000000008a700000|  0%| F|  |TAMS 0x000000008a600000, 0x000000008a600000| Untracked 
| 167|0x000000008a700000, 0x000000008a700000, 0x000000008a800000|  0%| F|  |TAMS 0x000000008a700000, 0x000000008a700000| Untracked 
| 168|0x000000008a800000, 0x000000008a800000, 0x000000008a900000|  0%| F|  |TAMS 0x000000008a800000, 0x000000008a800000| Untracked 
| 169|0x000000008a900000, 0x000000008a900000, 0x000000008aa00000|  0%| F|  |TAMS 0x000000008a900000, 0x000000008a900000| Untracked 
| 170|0x000000008aa00000, 0x000000008aa00000, 0x000000008ab00000|  0%| F|  |TAMS 0x000000008aa00000, 0x000000008aa00000| Untracked 
| 171|0x000000008ab00000, 0x000000008ab00000, 0x000000008ac00000|  0%| F|  |TAMS 0x000000008ab00000, 0x000000008ab00000| Untracked 
| 172|0x000000008ac00000, 0x000000008ac00000, 0x000000008ad00000|  0%| F|  |TAMS 0x000000008ac00000, 0x000000008ac00000| Untracked 
| 173|0x000000008ad00000, 0x000000008ad00000, 0x000000008ae00000|  0%| F|  |TAMS 0x000000008ad00000, 0x000000008ad00000| Untracked 
| 174|0x000000008ae00000, 0x000000008ae00000, 0x000000008af00000|  0%| F|  |TAMS 0x000000008ae00000, 0x000000008ae00000| Untracked 
| 175|0x000000008af00000, 0x000000008af00000, 0x000000008b000000|  0%| F|  |TAMS 0x000000008af00000, 0x000000008af00000| Untracked 
| 176|0x000000008b000000, 0x000000008b000000, 0x000000008b100000|  0%| F|  |TAMS 0x000000008b000000, 0x000000008b000000| Untracked 
| 177|0x000000008b100000, 0x000000008b100000, 0x000000008b200000|  0%| F|  |TAMS 0x000000008b100000, 0x000000008b100000| Untracked 
| 178|0x000000008b200000, 0x000000008b200000, 0x000000008b300000|  0%| F|  |TAMS 0x000000008b200000, 0x000000008b200000| Untracked 
| 179|0x000000008b300000, 0x000000008b300000, 0x000000008b400000|  0%| F|  |TAMS 0x000000008b300000, 0x000000008b300000| Untracked 
| 180|0x000000008b400000, 0x000000008b400000, 0x000000008b500000|  0%| F|  |TAMS 0x000000008b400000, 0x000000008b400000| Untracked 
| 181|0x000000008b500000, 0x000000008b500000, 0x000000008b600000|  0%| F|  |TAMS 0x000000008b500000, 0x000000008b500000| Untracked 
| 182|0x000000008b600000, 0x000000008b600000, 0x000000008b700000|  0%| F|  |TAMS 0x000000008b600000, 0x000000008b600000| Untracked 
| 183|0x000000008b700000, 0x000000008b700000, 0x000000008b800000|  0%| F|  |TAMS 0x000000008b700000, 0x000000008b700000| Untracked 
| 184|0x000000008b800000, 0x000000008b800000, 0x000000008b900000|  0%| F|  |TAMS 0x000000008b800000, 0x000000008b800000| Untracked 
| 185|0x000000008b900000, 0x000000008b900000, 0x000000008ba00000|  0%| F|  |TAMS 0x000000008b900000, 0x000000008b900000| Untracked 
| 186|0x000000008ba00000, 0x000000008ba00000, 0x000000008bb00000|  0%| F|  |TAMS 0x000000008ba00000, 0x000000008ba00000| Untracked 
| 187|0x000000008bb00000, 0x000000008bb00000, 0x000000008bc00000|  0%| F|  |TAMS 0x000000008bb00000, 0x000000008bb00000| Untracked 
| 188|0x000000008bc00000, 0x000000008bc00000, 0x000000008bd00000|  0%| F|  |TAMS 0x000000008bc00000, 0x000000008bc00000| Untracked 
| 189|0x000000008bd00000, 0x000000008bd00000, 0x000000008be00000|  0%| F|  |TAMS 0x000000008bd00000, 0x000000008bd00000| Untracked 
| 190|0x000000008be00000, 0x000000008be00000, 0x000000008bf00000|  0%| F|  |TAMS 0x000000008be00000, 0x000000008be00000| Untracked 
| 191|0x000000008bf00000, 0x000000008bf00000, 0x000000008c000000|  0%| F|  |TAMS 0x000000008bf00000, 0x000000008bf00000| Untracked 
| 192|0x000000008c000000, 0x000000008c000000, 0x000000008c100000|  0%| F|  |TAMS 0x000000008c000000, 0x000000008c000000| Untracked 
| 193|0x000000008c100000, 0x000000008c100000, 0x000000008c200000|  0%| F|  |TAMS 0x000000008c100000, 0x000000008c100000| Untracked 
| 194|0x000000008c200000, 0x000000008c200000, 0x000000008c300000|  0%| F|  |TAMS 0x000000008c200000, 0x000000008c200000| Untracked 
| 195|0x000000008c300000, 0x000000008c300000, 0x000000008c400000|  0%| F|  |TAMS 0x000000008c300000, 0x000000008c300000| Untracked 
| 196|0x000000008c400000, 0x000000008c400000, 0x000000008c500000|  0%| F|  |TAMS 0x000000008c400000, 0x000000008c400000| Untracked 
| 197|0x000000008c500000, 0x000000008c500000, 0x000000008c600000|  0%| F|  |TAMS 0x000000008c500000, 0x000000008c500000| Untracked 
| 198|0x000000008c600000, 0x000000008c600000, 0x000000008c700000|  0%| F|  |TAMS 0x000000008c600000, 0x000000008c600000| Untracked 
| 199|0x000000008c700000, 0x000000008c700000, 0x000000008c800000|  0%| F|  |TAMS 0x000000008c700000, 0x000000008c700000| Untracked 
| 200|0x000000008c800000, 0x000000008c800000, 0x000000008c900000|  0%| F|  |TAMS 0x000000008c800000, 0x000000008c800000| Untracked 
| 201|0x000000008c900000, 0x000000008c900000, 0x000000008ca00000|  0%| F|  |TAMS 0x000000008c900000, 0x000000008c900000| Untracked 
| 202|0x000000008ca00000, 0x000000008ca00000, 0x000000008cb00000|  0%| F|  |TAMS 0x000000008ca00000, 0x000000008ca00000| Untracked 
| 203|0x000000008cb00000, 0x000000008cb00000, 0x000000008cc00000|  0%| F|  |TAMS 0x000000008cb00000, 0x000000008cb00000| Untracked 
| 204|0x000000008cc00000, 0x000000008cc00000, 0x000000008cd00000|  0%| F|  |TAMS 0x000000008cc00000, 0x000000008cc00000| Untracked 
| 205|0x000000008cd00000, 0x000000008cd00000, 0x000000008ce00000|  0%| F|  |TAMS 0x000000008cd00000, 0x000000008cd00000| Untracked 
| 206|0x000000008ce00000, 0x000000008ce00000, 0x000000008cf00000|  0%| F|  |TAMS 0x000000008ce00000, 0x000000008ce00000| Untracked 
| 207|0x000000008cf00000, 0x000000008cf00000, 0x000000008d000000|  0%| F|  |TAMS 0x000000008cf00000, 0x000000008cf00000| Untracked 
| 208|0x000000008d000000, 0x000000008d000000, 0x000000008d100000|  0%| F|  |TAMS 0x000000008d000000, 0x000000008d000000| Untracked 
| 209|0x000000008d100000, 0x000000008d100000, 0x000000008d200000|  0%| F|  |TAMS 0x000000008d100000, 0x000000008d100000| Untracked 
| 210|0x000000008d200000, 0x000000008d200000, 0x000000008d300000|  0%| F|  |TAMS 0x000000008d200000, 0x000000008d200000| Untracked 
| 211|0x000000008d300000, 0x000000008d300000, 0x000000008d400000|  0%| F|  |TAMS 0x000000008d300000, 0x000000008d300000| Untracked 
| 212|0x000000008d400000, 0x000000008d4f8c70, 0x000000008d500000| 97%| S|CS|TAMS 0x000000008d400000, 0x000000008d400000| Complete 
| 213|0x000000008d500000, 0x000000008d600000, 0x000000008d600000|100%| S|CS|TAMS 0x000000008d500000, 0x000000008d500000| Complete 
| 214|0x000000008d600000, 0x000000008d700000, 0x000000008d700000|100%| S|CS|TAMS 0x000000008d600000, 0x000000008d600000| Complete 
| 215|0x000000008d700000, 0x000000008d800000, 0x000000008d800000|100%| S|CS|TAMS 0x000000008d700000, 0x000000008d700000| Complete 
| 216|0x000000008d800000, 0x000000008d900000, 0x000000008d900000|100%| S|CS|TAMS 0x000000008d800000, 0x000000008d800000| Complete 
| 217|0x000000008d900000, 0x000000008da00000, 0x000000008da00000|100%| S|CS|TAMS 0x000000008d900000, 0x000000008d900000| Complete 
| 218|0x000000008da00000, 0x000000008db00000, 0x000000008db00000|100%| S|CS|TAMS 0x000000008da00000, 0x000000008da00000| Complete 
| 219|0x000000008db00000, 0x000000008db00000, 0x000000008dc00000|  0%| F|  |TAMS 0x000000008db00000, 0x000000008db00000| Untracked 
| 220|0x000000008dc00000, 0x000000008dc00000, 0x000000008dd00000|  0%| F|  |TAMS 0x000000008dc00000, 0x000000008dc00000| Untracked 
| 221|0x000000008dd00000, 0x000000008dd00000, 0x000000008de00000|  0%| F|  |TAMS 0x000000008dd00000, 0x000000008dd00000| Untracked 
| 222|0x000000008de00000, 0x000000008de00000, 0x000000008df00000|  0%| F|  |TAMS 0x000000008de00000, 0x000000008de00000| Untracked 
| 223|0x000000008df00000, 0x000000008df00000, 0x000000008e000000|  0%| F|  |TAMS 0x000000008df00000, 0x000000008df00000| Untracked 
| 224|0x000000008e000000, 0x000000008e000000, 0x000000008e100000|  0%| F|  |TAMS 0x000000008e000000, 0x000000008e000000| Untracked 
| 225|0x000000008e100000, 0x000000008e100000, 0x000000008e200000|  0%| F|  |TAMS 0x000000008e100000, 0x000000008e100000| Untracked 
| 226|0x000000008e200000, 0x000000008e200000, 0x000000008e300000|  0%| F|  |TAMS 0x000000008e200000, 0x000000008e200000| Untracked 
| 227|0x000000008e300000, 0x000000008e300000, 0x000000008e400000|  0%| F|  |TAMS 0x000000008e300000, 0x000000008e300000| Untracked 
| 228|0x000000008e400000, 0x000000008e400000, 0x000000008e500000|  0%| F|  |TAMS 0x000000008e400000, 0x000000008e400000| Untracked 
| 229|0x000000008e500000, 0x000000008e500000, 0x000000008e600000|  0%| F|  |TAMS 0x000000008e500000, 0x000000008e500000| Untracked 
| 230|0x000000008e600000, 0x000000008e600000, 0x000000008e700000|  0%| F|  |TAMS 0x000000008e600000, 0x000000008e600000| Untracked 
| 231|0x000000008e700000, 0x000000008e700000, 0x000000008e800000|  0%| F|  |TAMS 0x000000008e700000, 0x000000008e700000| Untracked 
| 232|0x000000008e800000, 0x000000008e800000, 0x000000008e900000|  0%| F|  |TAMS 0x000000008e800000, 0x000000008e800000| Untracked 
| 233|0x000000008e900000, 0x000000008e900000, 0x000000008ea00000|  0%| F|  |TAMS 0x000000008e900000, 0x000000008e900000| Untracked 
| 234|0x000000008ea00000, 0x000000008ea00000, 0x000000008eb00000|  0%| F|  |TAMS 0x000000008ea00000, 0x000000008ea00000| Untracked 
| 235|0x000000008eb00000, 0x000000008eb00000, 0x000000008ec00000|  0%| F|  |TAMS 0x000000008eb00000, 0x000000008eb00000| Untracked 
| 236|0x000000008ec00000, 0x000000008ec00000, 0x000000008ed00000|  0%| F|  |TAMS 0x000000008ec00000, 0x000000008ec00000| Untracked 
| 237|0x000000008ed00000, 0x000000008ed00000, 0x000000008ee00000|  0%| F|  |TAMS 0x000000008ed00000, 0x000000008ed00000| Untracked 
| 238|0x000000008ee00000, 0x000000008ee00000, 0x000000008ef00000|  0%| F|  |TAMS 0x000000008ee00000, 0x000000008ee00000| Untracked 
| 239|0x000000008ef00000, 0x000000008ef00000, 0x000000008f000000|  0%| F|  |TAMS 0x000000008ef00000, 0x000000008ef00000| Untracked 
| 240|0x000000008f000000, 0x000000008f000000, 0x000000008f100000|  0%| F|  |TAMS 0x000000008f000000, 0x000000008f000000| Untracked 
| 241|0x000000008f100000, 0x000000008f100000, 0x000000008f200000|  0%| F|  |TAMS 0x000000008f100000, 0x000000008f100000| Untracked 
| 242|0x000000008f200000, 0x000000008f200000, 0x000000008f300000|  0%| F|  |TAMS 0x000000008f200000, 0x000000008f200000| Untracked 
| 243|0x000000008f300000, 0x000000008f300000, 0x000000008f400000|  0%| F|  |TAMS 0x000000008f300000, 0x000000008f300000| Untracked 
| 244|0x000000008f400000, 0x000000008f400000, 0x000000008f500000|  0%| F|  |TAMS 0x000000008f400000, 0x000000008f400000| Untracked 
| 245|0x000000008f500000, 0x000000008f500000, 0x000000008f600000|  0%| F|  |TAMS 0x000000008f500000, 0x000000008f500000| Untracked 
| 246|0x000000008f600000, 0x000000008f600000, 0x000000008f700000|  0%| F|  |TAMS 0x000000008f600000, 0x000000008f600000| Untracked 
| 247|0x000000008f700000, 0x000000008f700000, 0x000000008f800000|  0%| F|  |TAMS 0x000000008f700000, 0x000000008f700000| Untracked 
| 248|0x000000008f800000, 0x000000008f800000, 0x000000008f900000|  0%| F|  |TAMS 0x000000008f800000, 0x000000008f800000| Untracked 
| 249|0x000000008f900000, 0x000000008f900000, 0x000000008fa00000|  0%| F|  |TAMS 0x000000008f900000, 0x000000008f900000| Untracked 
| 250|0x000000008fa00000, 0x000000008fa00000, 0x000000008fb00000|  0%| F|  |TAMS 0x000000008fa00000, 0x000000008fa00000| Untracked 
| 251|0x000000008fb00000, 0x000000008fb00000, 0x000000008fc00000|  0%| F|  |TAMS 0x000000008fb00000, 0x000000008fb00000| Untracked 
| 252|0x000000008fc00000, 0x000000008fc00000, 0x000000008fd00000|  0%| F|  |TAMS 0x000000008fc00000, 0x000000008fc00000| Untracked 
| 253|0x000000008fd00000, 0x000000008fd00000, 0x000000008fe00000|  0%| F|  |TAMS 0x000000008fd00000, 0x000000008fd00000| Untracked 
| 254|0x000000008fe00000, 0x000000008fe13938, 0x000000008ff00000|  7%| E|  |TAMS 0x000000008fe00000, 0x000000008fe00000| Complete 
| 255|0x000000008ff00000, 0x0000000090000000, 0x0000000090000000|100%| E|CS|TAMS 0x000000008ff00000, 0x000000008ff00000| Complete 
| 256|0x0000000090000000, 0x0000000090100000, 0x0000000090100000|100%| E|  |TAMS 0x0000000090000000, 0x0000000090000000| Complete 
| 257|0x0000000090100000, 0x0000000090200000, 0x0000000090200000|100%| E|CS|TAMS 0x0000000090100000, 0x0000000090100000| Complete 
| 258|0x0000000090200000, 0x0000000090300000, 0x0000000090300000|100%| E|CS|TAMS 0x0000000090200000, 0x0000000090200000| Complete 
| 259|0x0000000090300000, 0x0000000090400000, 0x0000000090400000|100%| E|CS|TAMS 0x0000000090300000, 0x0000000090300000| Complete 
| 260|0x0000000090400000, 0x0000000090500000, 0x0000000090500000|100%| E|CS|TAMS 0x0000000090400000, 0x0000000090400000| Complete 
| 261|0x0000000090500000, 0x0000000090600000, 0x0000000090600000|100%| E|CS|TAMS 0x0000000090500000, 0x0000000090500000| Complete 
| 262|0x0000000090600000, 0x0000000090700000, 0x0000000090700000|100%| E|CS|TAMS 0x0000000090600000, 0x0000000090600000| Complete 
| 263|0x0000000090700000, 0x0000000090800000, 0x0000000090800000|100%| E|CS|TAMS 0x0000000090700000, 0x0000000090700000| Complete 

Card table byte_map: [0x0000025070220000,0x0000025070620000] _byte_map_base: 0x000002506fe20000

Marking Bits (Prev, Next): (CMBitMap*) 0x000002505d3390b8, (CMBitMap*) 0x000002505d3390f0
 Prev Bits: [0x0000025070a20000, 0x0000025072a20000)
 Next Bits: [0x0000025072a20000, 0x0000025074a20000)

Polling page: 0x000002505b230000

Metaspace:

Usage:
  Non-class:    111.68 MB capacity,   109.12 MB ( 98%) used,     2.08 MB (  2%) free+waste,   491.88 KB ( <1%) overhead. 
      Class:     16.77 MB capacity,    15.30 MB ( 91%) used,     1.26 MB (  8%) free+waste,   215.19 KB (  1%) overhead. 
       Both:    128.46 MB capacity,   124.42 MB ( 97%) used,     3.34 MB (  3%) free+waste,   707.06 KB ( <1%) overhead. 

Virtual space:
  Non-class space:      112.00 MB reserved,     111.84 MB (>99%) committed 
      Class space:        1.00 GB reserved,      16.77 MB (  2%) committed 
             Both:        1.11 GB reserved,     128.61 MB ( 11%) committed 

Chunk freelists:
   Non-Class:  28.00 KB
       Class:  0 bytes
        Both:  28.00 KB

MaxMetaspaceSize: 17179869184.00 GB
CompressedClassSpaceSize: 1.00 GB
Initial GC threshold: 20.80 MB
Current GC threshold: 213.93 MB
CDS: off

CodeHeap 'non-profiled nmethods': size=120064Kb used=18615Kb max_used=18615Kb free=101448Kb
 bounds [0x00000250688e0000, 0x0000025069b10000, 0x000002506fe20000]
CodeHeap 'profiled nmethods': size=120000Kb used=51806Kb max_used=52209Kb free=68193Kb
 bounds [0x00000250613b0000, 0x00000250646d0000, 0x00000250688e0000]
CodeHeap 'non-nmethods': size=5696Kb used=2457Kb max_used=2508Kb free=3238Kb
 bounds [0x0000025060e20000, 0x00000250610b0000, 0x00000250613b0000]
 total_blobs=23952 nmethods=22965 adapters=897
 compilation: enabled
              stopped_count=0, restarted_count=0
 full_count=0

Compilation events (20 events):
Event: 4256.294 Thread 0x0000025076f31000 nmethod 25706 0x0000025062af3f10 code [0x0000025062af40e0, 0x0000025062af4398]
Event: 4256.294 Thread 0x0000025076f31000 25707       3       java.util.JumboEnumSet$EnumSetIterator::<init> (35 bytes)
Event: 4256.294 Thread 0x0000025076f31000 nmethod 25707 0x00000250626d3d10 code [0x00000250626d3ec0, 0x00000250626d40d8]
Event: 4256.350 Thread 0x0000025076f31000 25708       3       com.sun.tools.javac.util.Log::instance (26 bytes)
Event: 4256.351 Thread 0x0000025076f31000 nmethod 25708 0x0000025062af3810 code [0x0000025062af3a00, 0x0000025062af3da8]
Event: 4256.364 Thread 0x0000025076f31000 25709       3       com.sun.tools.javac.parser.JavacParser::importDeclaration (189 bytes)
Event: 4256.370 Thread 0x0000025076f31000 nmethod 25709 0x00000250621a7e90 code [0x00000250621a8300, 0x00000250621aa398]
Event: 4256.370 Thread 0x0000025076f31000 25710       3       com.sun.tools.javac.parser.JavacParser::block (13 bytes)
Event: 4256.370 Thread 0x0000025076f31000 nmethod 25710 0x0000025062723210 code [0x00000250627233c0, 0x0000025062723528]
Event: 4256.373 Thread 0x0000025076f2b800 25711       4       com.sun.tools.javac.parser.JavacParser::ident (293 bytes)
Event: 4256.374 Thread 0x0000025076f31000 25712       3       com.sun.tools.javac.parser.JavacParser::variableDeclaratorRest (223 bytes)
Event: 4256.386 Thread 0x0000025076f31000 nmethod 25712 0x00000250626c0190 code [0x00000250626c0660, 0x00000250626c2b38]
Event: 4256.386 Thread 0x0000025076f31000 25714       3       com.sun.tools.javac.parser.JavacParser::annotation (127 bytes)
Event: 4256.388 Thread 0x0000025076f31000 nmethod 25714 0x0000025062d6ff90 code [0x0000025062d70320, 0x0000025062d71a38]
Event: 4256.388 Thread 0x0000025076f31000 25713       3       com.sun.tools.javac.tree.TreeInfo::innermostType (102 bytes)
Event: 4256.390 Thread 0x0000025076f31000 nmethod 25713 0x0000025062af2c10 code [0x0000025062af2e20, 0x0000025062af3588]
Event: 4256.396 Thread 0x0000025076f2b800 nmethod 25711 0x0000025069b0d210 code [0x0000025069b0d3e0, 0x0000025069b0db68]
Event: 4256.403 Thread 0x0000025076f31000 25715       3       com.sun.tools.javac.parser.JavacParser::parseType (12 bytes)
Event: 4256.404 Thread 0x0000025076f31000 nmethod 25715 0x0000025062dbd410 code [0x0000025062dbd600, 0x0000025062dbda08]
Event: 4256.413 Thread 0x0000025076f2b800 25716   !   4       java.nio.channels.spi.AbstractInterruptibleChannel::close (37 bytes)

GC Heap History (20 events):
Event: 3537.576 GC heap before
{Heap before GC invocations=69 (full 0):
 garbage-first heap   total 270336K, used 231149K [0x0000000080000000, 0x0000000100000000)
  region size 1024K, 89 young (91136K), 5 survivors (5120K)
 Metaspace       used 126444K, capacity 130370K, committed 130416K, reserved 1163264K
  class space    used 15522K, capacity 16910K, committed 16920K, reserved 1048576K
}
Event: 3537.825 GC heap after
{Heap after GC invocations=70 (full 0):
 garbage-first heap   total 270336K, used 128801K [0x0000000080000000, 0x0000000100000000)
  region size 1024K, 6 young (6144K), 6 survivors (6144K)
 Metaspace       used 126444K, capacity 130370K, committed 130416K, reserved 1163264K
  class space    used 15522K, capacity 16910K, committed 16920K, reserved 1048576K
}
Event: 3539.250 GC heap before
{Heap before GC invocations=70 (full 0):
 garbage-first heap   total 270336K, used 135969K [0x0000000080000000, 0x0000000100000000)
  region size 1024K, 13 young (13312K), 6 survivors (6144K)
 Metaspace       used 126563K, capacity 130538K, committed 130800K, reserved 1163264K
  class space    used 15549K, capacity 16959K, committed 17048K, reserved 1048576K
}
Event: 3539.312 GC heap after
{Heap after GC invocations=71 (full 0):
 garbage-first heap   total 270336K, used 129442K [0x0000000080000000, 0x0000000100000000)
  region size 1024K, 2 young (2048K), 2 survivors (2048K)
 Metaspace       used 126563K, capacity 130538K, committed 130800K, reserved 1163264K
  class space    used 15549K, capacity 16959K, committed 17048K, reserved 1048576K
}
Event: 3539.531 GC heap before
{Heap before GC invocations=71 (full 0):
 garbage-first heap   total 270336K, used 137634K [0x0000000080000000, 0x0000000100000000)
  region size 1024K, 11 young (11264K), 2 survivors (2048K)
 Metaspace       used 126577K, capacity 130554K, committed 130800K, reserved 1163264K
  class space    used 15551K, capacity 16964K, committed 17048K, reserved 1048576K
}
Event: 3539.553 GC heap after
{Heap after GC invocations=72 (full 0):
 garbage-first heap   total 270336K, used 129381K [0x0000000080000000, 0x0000000100000000)
  region size 1024K, 2 young (2048K), 2 survivors (2048K)
 Metaspace       used 126577K, capacity 130554K, committed 130800K, reserved 1163264K
  class space    used 15551K, capacity 16964K, committed 17048K, reserved 1048576K
}
Event: 3548.568 GC heap before
{Heap before GC invocations=73 (full 0):
 garbage-first heap   total 270336K, used 236901K [0x0000000080000000, 0x0000000100000000)
  region size 1024K, 93 young (95232K), 2 survivors (2048K)
 Metaspace       used 126913K, capacity 131150K, committed 131440K, reserved 1163264K
  class space    used 15622K, capacity 17094K, committed 17176K, reserved 1048576K
}
Event: 3548.626 GC heap after
{Heap after GC invocations=74 (full 0):
 garbage-first heap   total 270336K, used 133074K [0x0000000080000000, 0x0000000100000000)
  region size 1024K, 10 young (10240K), 10 survivors (10240K)
 Metaspace       used 126913K, capacity 131150K, committed 131440K, reserved 1163264K
  class space    used 15622K, capacity 17094K, committed 17176K, reserved 1048576K
}
Event: 3548.641 GC heap before
{Heap before GC invocations=74 (full 0):
 garbage-first heap   total 270336K, used 136146K [0x0000000080000000, 0x0000000100000000)
  region size 1024K, 13 young (13312K), 10 survivors (10240K)
 Metaspace       used 126913K, capacity 131150K, committed 131440K, reserved 1163264K
  class space    used 15622K, capacity 17094K, committed 17176K, reserved 1048576K
}
Event: 3548.717 GC heap after
{Heap after GC invocations=75 (full 0):
 garbage-first heap   total 270336K, used 119833K [0x0000000080000000, 0x0000000100000000)
  region size 1024K, 2 young (2048K), 2 survivors (2048K)
 Metaspace       used 126913K, capacity 131150K, committed 131440K, reserved 1163264K
  class space    used 15622K, capacity 17094K, committed 17176K, reserved 1048576K
}
Event: 3548.851 GC heap before
{Heap before GC invocations=75 (full 0):
 garbage-first heap   total 270336K, used 130073K [0x0000000080000000, 0x0000000100000000)
  region size 1024K, 13 young (13312K), 2 survivors (2048K)
 Metaspace       used 126914K, capacity 131150K, committed 131440K, reserved 1163264K
  class space    used 15622K, capacity 17094K, committed 17176K, reserved 1048576K
}
Event: 3548.876 GC heap after
{Heap after GC invocations=76 (full 0):
 garbage-first heap   total 270336K, used 120358K [0x0000000080000000, 0x0000000100000000)
  region size 1024K, 2 young (2048K), 2 survivors (2048K)
 Metaspace       used 126914K, capacity 131150K, committed 131440K, reserved 1163264K
  class space    used 15622K, capacity 17094K, committed 17176K, reserved 1048576K
}
Event: 3549.818 GC heap before
{Heap before GC invocations=76 (full 0):
 garbage-first heap   total 270336K, used 141862K [0x0000000080000000, 0x0000000100000000)
  region size 1024K, 25 young (25600K), 2 survivors (2048K)
 Metaspace       used 126965K, capacity 131204K, committed 131440K, reserved 1163264K
  class space    used 15631K, capacity 17112K, committed 17176K, reserved 1048576K
}
Event: 3549.831 GC heap after
{Heap after GC invocations=77 (full 0):
 garbage-first heap   total 270336K, used 121640K [0x0000000080000000, 0x0000000100000000)
  region size 1024K, 3 young (3072K), 3 survivors (3072K)
 Metaspace       used 126965K, capacity 131204K, committed 131440K, reserved 1163264K
  class space    used 15631K, capacity 17112K, committed 17176K, reserved 1048576K
}
Event: 4252.107 GC heap before
{Heap before GC invocations=78 (full 0):
 garbage-first heap   total 270336K, used 230184K [0x0000000080000000, 0x0000000100000000)
  region size 1024K, 96 young (98304K), 3 survivors (3072K)
 Metaspace       used 127255K, capacity 131470K, committed 131696K, reserved 1163264K
  class space    used 15666K, capacity 17174K, committed 17176K, reserved 1048576K
}
Event: 4252.319 GC heap after
{Heap after GC invocations=79 (full 0):
 garbage-first heap   total 270336K, used 124842K [0x0000000080000000, 0x0000000100000000)
  region size 1024K, 4 young (4096K), 4 survivors (4096K)
 Metaspace       used 127255K, capacity 131470K, committed 131696K, reserved 1163264K
  class space    used 15666K, capacity 17174K, committed 17176K, reserved 1048576K
}
Event: 4252.579 GC heap before
{Heap before GC invocations=79 (full 0):
 garbage-first heap   total 270336K, used 134058K [0x0000000080000000, 0x0000000100000000)
  region size 1024K, 13 young (13312K), 4 survivors (4096K)
 Metaspace       used 127265K, capacity 131471K, committed 131696K, reserved 1163264K
  class space    used 15666K, capacity 17174K, committed 17176K, reserved 1048576K
}
Event: 4252.686 GC heap after
{Heap after GC invocations=80 (full 0):
 garbage-first heap   total 270336K, used 119099K [0x0000000080000000, 0x0000000100000000)
  region size 1024K, 1 young (1024K), 1 survivors (1024K)
 Metaspace       used 127265K, capacity 131471K, committed 131696K, reserved 1163264K
  class space    used 15666K, capacity 17174K, committed 17176K, reserved 1048576K
}
Event: 4256.448 GC heap before
{Heap before GC invocations=80 (full 0):
 garbage-first heap   total 270336K, used 162107K [0x0000000080000000, 0x0000000100000000)
  region size 1024K, 45 young (46080K), 1 survivors (1024K)
 Metaspace       used 127408K, capacity 131538K, committed 131696K, reserved 1163264K
  class space    used 15666K, capacity 17174K, committed 17176K, reserved 1048576K
}
Event: 4256.507 GC heap after
{Heap after GC invocations=81 (full 0):
 garbage-first heap   total 270336K, used 125381K [0x0000000080000000, 0x0000000100000000)
  region size 1024K, 7 young (7168K), 7 survivors (7168K)
 Metaspace       used 127408K, capacity 131538K, committed 131696K, reserved 1163264K
  class space    used 15666K, capacity 17174K, committed 17176K, reserved 1048576K
}

Deoptimization events (20 events):
Event: 3552.545 Thread 0x000002507db8f000 Uncommon trap: trap_request=0xffffff4d fr.pc=0x00000250690d2cf0 relative=0x00000000000003f0
Event: 3552.545 Thread 0x000002507db8f000 Uncommon trap: reason=unstable_if action=reinterpret pc=0x00000250690d2cf0 method=com.android.tools.r8.internal.le.d(Ljava/lang/String;)I @ 100 c2
Event: 3552.545 Thread 0x000002507db8f000 DEOPT PACKING pc=0x00000250690d2cf0 sp=0x000000a5992fbaa0
Event: 3552.545 Thread 0x000002507db8f000 DEOPT UNPACKING pc=0x0000025060e6a1af sp=0x000000a5992fba38 mode 2
Event: 3553.454 Thread 0x000002507db8f000 Uncommon trap: trap_request=0xffffffc6 fr.pc=0x0000025068aab1ec relative=0x00000000000000ac
Event: 3553.454 Thread 0x000002507db8f000 Uncommon trap: reason=bimorphic_or_optimized_type_check action=maybe_recompile pc=0x0000025068aab1ec method=com.google.common.collect.TransformedIterator.hasNext()Z @ 4 c2
Event: 3553.454 Thread 0x000002507db8f000 DEOPT PACKING pc=0x0000025068aab1ec sp=0x000000a5992fde90
Event: 3553.454 Thread 0x000002507db8f000 DEOPT UNPACKING pc=0x0000025060e6a1af sp=0x000000a5992fde30 mode 2
Event: 3553.454 Thread 0x000002507db8f000 Uncommon trap: trap_request=0xffffffc6 fr.pc=0x0000025068bfd0a0 relative=0x0000000000004d00
Event: 3553.454 Thread 0x000002507db8f000 Uncommon trap: reason=bimorphic_or_optimized_type_check action=maybe_recompile pc=0x0000025068bfd0a0 method=com.google.common.collect.TransformedIterator.next()Ljava/lang/Object; @ 5 c2
Event: 3553.454 Thread 0x000002507db8f000 DEOPT PACKING pc=0x0000025068bfd0a0 sp=0x000000a5992fde00
Event: 3553.455 Thread 0x000002507db8f000 DEOPT UNPACKING pc=0x0000025060e6a1af sp=0x000000a5992fde18 mode 2
Event: 3553.776 Thread 0x000002507db8f000 DEOPT PACKING pc=0x000002506324a8ed sp=0x000000a5992fd280
Event: 3553.776 Thread 0x000002507db8f000 DEOPT UNPACKING pc=0x0000025060e6a95e sp=0x000000a5992fc6f8 mode 0
Event: 4255.003 Thread 0x000002507cf1b800 Uncommon trap: trap_request=0xffffff4d fr.pc=0x000002506890eac4 relative=0x0000000000001004
Event: 4255.003 Thread 0x000002507cf1b800 Uncommon trap: reason=unstable_if action=reinterpret pc=0x000002506890eac4 method=java.util.concurrent.locks.LockSupport.unpark(Ljava/lang/Thread;)V @ 1 c2
Event: 4255.003 Thread 0x000002507cf1b800 DEOPT PACKING pc=0x000002506890eac4 sp=0x000000a594ef8980
Event: 4255.004 Thread 0x000002507cf1b800 DEOPT UNPACKING pc=0x0000025060e6a1af sp=0x000000a594ef87a8 mode 2
Event: 4255.246 Thread 0x000002507991b000 DEOPT PACKING pc=0x00000250628ef444 sp=0x000000a5990fad40
Event: 4255.247 Thread 0x000002507991b000 DEOPT UNPACKING pc=0x0000025060e6a95e sp=0x000000a5990fa1e0 mode 0

Classes redefined (0 events):
No events

Internal exceptions (20 events):
Event: 3552.192 Thread 0x000002507db94000 Exception <a 'sun/nio/fs/WindowsException'{0x000000008dbb21b0}> (0x000000008dbb21b0) thrown at [src/hotspot/share/prims/jni.cpp, line 617]
Event: 3552.480 Thread 0x000002507db8f000 Exception <a 'sun/nio/fs/WindowsException'{0x000000008d547bd0}> (0x000000008d547bd0) thrown at [src/hotspot/share/prims/jni.cpp, line 617]
Event: 3552.496 Thread 0x000002507db99800 Exception <a 'sun/nio/fs/WindowsException'{0x000000008d5a4960}> (0x000000008d5a4960) thrown at [src/hotspot/share/prims/jni.cpp, line 617]
Event: 3552.710 Thread 0x000002507db8f000 Exception <a 'sun/nio/fs/WindowsException'{0x000000008d1ed358}> (0x000000008d1ed358) thrown at [src/hotspot/share/prims/jni.cpp, line 617]
Event: 3552.760 Thread 0x000002507db99800 Exception <a 'sun/nio/fs/WindowsException'{0x000000008d0b7408}> (0x000000008d0b7408) thrown at [src/hotspot/share/prims/jni.cpp, line 617]
Event: 3552.959 Thread 0x000002507db8f000 Exception <a 'sun/nio/fs/WindowsException'{0x000000008d0fe2e8}> (0x000000008d0fe2e8) thrown at [src/hotspot/share/prims/jni.cpp, line 617]
Event: 3553.144 Thread 0x000002507db90000 Exception <a 'sun/nio/fs/WindowsException'{0x000000008d46c928}> (0x000000008d46c928) thrown at [src/hotspot/share/prims/jni.cpp, line 617]
Event: 3553.170 Thread 0x000002507db90000 Exception <a 'sun/nio/fs/WindowsException'{0x000000008cd8d288}> (0x000000008cd8d288) thrown at [src/hotspot/share/prims/jni.cpp, line 617]
Event: 3553.853 Thread 0x00000250787c7800 Exception <a 'sun/nio/fs/WindowsException'{0x000000008d6a70a8}> (0x000000008d6a70a8) thrown at [src/hotspot/share/prims/jni.cpp, line 617]
Event: 3553.853 Thread 0x00000250787c7800 Exception <a 'sun/nio/fs/WindowsException'{0x000000008d6a7130}> (0x000000008d6a7130) thrown at [src/hotspot/share/prims/jni.cpp, line 617]
Event: 3553.854 Thread 0x00000250787c7800 Exception <a 'sun/nio/fs/WindowsException'{0x000000008d6a8a40}> (0x000000008d6a8a40) thrown at [src/hotspot/share/prims/jni.cpp, line 617]
Event: 4253.170 Thread 0x000002507cf1b800 Exception <a 'sun/nio/fs/WindowsException'{0x00000000903362a0}> (0x00000000903362a0) thrown at [src/hotspot/share/prims/jni.cpp, line 617]
Event: 4254.120 Thread 0x000002507cf1b800 Exception <a 'sun/nio/fs/WindowsException'{0x000000008fcba4f0}> (0x000000008fcba4f0) thrown at [src/hotspot/share/prims/jni.cpp, line 617]
Event: 4254.258 Thread 0x000002507cf1b800 Exception <a 'sun/nio/fs/WindowsException'{0x000000008fb5b030}> (0x000000008fb5b030) thrown at [src/hotspot/share/prims/jni.cpp, line 617]
Event: 4254.260 Thread 0x000002507cf1b800 Exception <a 'sun/nio/fs/WindowsException'{0x000000008fb5c298}> (0x000000008fb5c298) thrown at [src/hotspot/share/prims/jni.cpp, line 617]
Event: 4254.261 Thread 0x000002507cf1b800 Exception <a 'sun/nio/fs/WindowsException'{0x000000008fb5d550}> (0x000000008fb5d550) thrown at [src/hotspot/share/prims/jni.cpp, line 617]
Event: 4254.261 Thread 0x000002507cf1b800 Exception <a 'sun/nio/fs/WindowsException'{0x000000008fb5e808}> (0x000000008fb5e808) thrown at [src/hotspot/share/prims/jni.cpp, line 617]
Event: 4256.293 Thread 0x000002507991b000 Exception <a 'sun/nio/fs/WindowsException'{0x000000008dc17dc0}> (0x000000008dc17dc0) thrown at [src/hotspot/share/prims/jni.cpp, line 617]
Event: 4256.415 Thread 0x000002507991b000 Exception <a 'sun/nio/fs/WindowsException'{0x000000008db041d0}> (0x000000008db041d0) thrown at [src/hotspot/share/prims/jni.cpp, line 617]
Event: 4256.415 Thread 0x000002507991b000 Exception <a 'sun/nio/fs/WindowsException'{0x000000008db042e0}> (0x000000008db042e0) thrown at [src/hotspot/share/prims/jni.cpp, line 617]

Events (20 events):
Event: 4255.266 Executing VM operation: RevokeBias
Event: 4255.266 Executing VM operation: RevokeBias done
Event: 4255.266 Executing VM operation: RevokeBias
Event: 4255.266 Executing VM operation: RevokeBias done
Event: 4255.267 loading class org/gradle/api/internal/artifacts/ivyservice/resolveengine/graph/builder/ResolveState$1
Event: 4255.267 loading class org/gradle/api/internal/artifacts/ivyservice/resolveengine/graph/builder/ResolveState$1 done
Event: 4255.273 Executing VM operation: RevokeBias
Event: 4255.274 Executing VM operation: RevokeBias done
Event: 4255.274 Executing VM operation: RevokeBias
Event: 4255.274 Executing VM operation: RevokeBias done
Event: 4255.275 Executing VM operation: BulkRevokeBias
Event: 4255.276 Executing VM operation: BulkRevokeBias done
Event: 4255.292 Thread 0x000002507e7e4800 Thread added: 0x000002507e7e4800
Event: 4255.897 Thread 0x000002507db92800 Thread added: 0x000002507db92800
Event: 4255.899 Thread 0x000002507db8e800 Thread added: 0x000002507db8e800
Event: 4255.899 Thread 0x000002507db91800 Thread added: 0x000002507db91800
Event: 4255.899 Thread 0x000002507db8f000 Thread added: 0x000002507db8f000
Event: 4256.294 Thread 0x000002507e7e4800 Thread exited: 0x000002507e7e4800
Event: 4256.447 Executing VM operation: G1CollectForAllocation
Event: 4256.507 Executing VM operation: G1CollectForAllocation done


Dynamic libraries:
0x00007ff6cd360000 - 0x00007ff6cd36a000 	C:\Program Files\Android\Android Studio\jbr\bin\java.exe
0x00007ffc352d0000 - 0x00007ffc354c8000 	C:\WINDOWS\SYSTEM32\ntdll.dll
0x00007ffc34a70000 - 0x00007ffc34b2f000 	C:\WINDOWS\System32\KERNEL32.DLL
0x00007ffc33010000 - 0x00007ffc332e2000 	C:\WINDOWS\System32\KERNELBASE.dll
0x00007ffc32bc0000 - 0x00007ffc32cc0000 	C:\WINDOWS\System32\ucrtbase.dll
0x00007ffc23370000 - 0x00007ffc2338b000 	C:\Program Files\Android\Android Studio\jbr\bin\VCRUNTIME140.dll
0x00007ffc23260000 - 0x00007ffc23277000 	C:\Program Files\Android\Android Studio\jbr\bin\jli.dll
0x00007ffc1a150000 - 0x00007ffc1a3ea000 	C:\WINDOWS\WinSxS\amd64_microsoft.windows.common-controls_6595b64144ccf1df_6.0.19041.1110_none_60b5254171f9507e\COMCTL32.dll
0x00007ffc33d80000 - 0x00007ffc33e1e000 	C:\WINDOWS\System32\msvcrt.dll
0x00007ffc34a40000 - 0x00007ffc34a6b000 	C:\WINDOWS\System32\GDI32.dll
0x00007ffc332f0000 - 0x00007ffc33312000 	C:\WINDOWS\System32\win32u.dll
0x00007ffc329d0000 - 0x00007ffc32adf000 	C:\WINDOWS\System32\gdi32full.dll
0x00007ffc32e90000 - 0x00007ffc32f2d000 	C:\WINDOWS\System32\msvcp_win.dll
0x00007ffc34f40000 - 0x00007ffc350e1000 	C:\WINDOWS\System32\USER32.dll
0x00007ffc35150000 - 0x00007ffc35180000 	C:\WINDOWS\System32\IMM32.DLL
0x00007ffc2e7b0000 - 0x00007ffc2e7bc000 	C:\Program Files\Android\Android Studio\jbr\bin\vcruntime140_1.dll
0x00007ffc1d880000 - 0x00007ffc1d90d000 	C:\Program Files\Android\Android Studio\jbr\bin\msvcp140.dll
0x00007ffbe2750000 - 0x00007ffbe330c000 	C:\Program Files\Android\Android Studio\jbr\bin\server\jvm.dll
0x00007ffc34b30000 - 0x00007ffc34bde000 	C:\WINDOWS\System32\ADVAPI32.dll
0x00007ffc33320000 - 0x00007ffc333bc000 	C:\WINDOWS\System32\sechost.dll
0x00007ffc34c90000 - 0x00007ffc34db4000 	C:\WINDOWS\System32\RPCRT4.dll
0x00007ffc343f0000 - 0x00007ffc343f8000 	C:\WINDOWS\System32\PSAPI.DLL
0x00007ffc17860000 - 0x00007ffc17869000 	C:\WINDOWS\SYSTEM32\WSOCK32.dll
0x00007ffc34de0000 - 0x00007ffc34e4b000 	C:\WINDOWS\System32\WS2_32.dll
0x00007ffc1c770000 - 0x00007ffc1c797000 	C:\WINDOWS\SYSTEM32\WINMM.dll
0x00007ffc2c770000 - 0x00007ffc2c77a000 	C:\WINDOWS\SYSTEM32\VERSION.dll
0x00007ffc30890000 - 0x00007ffc308a2000 	C:\WINDOWS\SYSTEM32\kernel.appcore.dll
0x00007ffc2d920000 - 0x00007ffc2d930000 	C:\Program Files\Android\Android Studio\jbr\bin\verify.dll
0x00007ffc1c560000 - 0x00007ffc1c744000 	C:\WINDOWS\SYSTEM32\DBGHELP.DLL
0x00007ffc15600000 - 0x00007ffc15635000 	C:\WINDOWS\SYSTEM32\dbgcore.DLL
0x00007ffc32b30000 - 0x00007ffc32bb2000 	C:\WINDOWS\System32\bcryptPrimitives.dll
0x00007ffc2d1d0000 - 0x00007ffc2d1f8000 	C:\Program Files\Android\Android Studio\jbr\bin\java.dll
0x00007ffc2d720000 - 0x00007ffc2d72a000 	C:\Program Files\Android\Android Studio\jbr\bin\jimage.dll
0x00007ffc2c620000 - 0x00007ffc2c638000 	C:\Program Files\Android\Android Studio\jbr\bin\zip.dll
0x00007ffc335d0000 - 0x00007ffc33d15000 	C:\WINDOWS\System32\SHELL32.dll
0x00007ffc30a90000 - 0x00007ffc31222000 	C:\WINDOWS\SYSTEM32\windows.storage.dll
0x00007ffc34400000 - 0x00007ffc34755000 	C:\WINDOWS\System32\combase.dll
0x00007ffc32430000 - 0x00007ffc32460000 	C:\WINDOWS\SYSTEM32\Wldp.dll
0x00007ffc35180000 - 0x00007ffc3522d000 	C:\WINDOWS\System32\SHCORE.dll
0x00007ffc33d20000 - 0x00007ffc33d75000 	C:\WINDOWS\System32\shlwapi.dll
0x00007ffc32910000 - 0x00007ffc3292f000 	C:\WINDOWS\SYSTEM32\profapi.dll
0x00007ffc2c570000 - 0x00007ffc2c589000 	C:\Program Files\Android\Android Studio\jbr\bin\net.dll
0x00007ffc249d0000 - 0x00007ffc24ada000 	C:\WINDOWS\SYSTEM32\WINHTTP.dll
0x00007ffc32190000 - 0x00007ffc321fa000 	C:\WINDOWS\system32\mswsock.dll
0x00007ffc2bd40000 - 0x00007ffc2bd53000 	C:\Program Files\Android\Android Studio\jbr\bin\nio.dll
0x00007ffc2d210000 - 0x00007ffc2d237000 	C:\Users\trilo\.gradle\native\e1d6ef7f7dcc3fd88c89a11ec53ec762bb8ba0a96d01ffa2cd45eb1d1d8dd5c5\windows-amd64\native-platform.dll
0x00007ffbc63f0000 - 0x00007ffbc6534000 	C:\Users\trilo\.gradle\native\5664cfc778a61ccfe75a443a1ab52a65af34e5dc3c78e0209fed803814484fcb\windows-amd64\native-platform-file-events.dll
0x00007ffc2e680000 - 0x00007ffc2e68a000 	C:\Program Files\Android\Android Studio\jbr\bin\management.dll
0x00007ffc2d940000 - 0x00007ffc2d94b000 	C:\Program Files\Android\Android Studio\jbr\bin\management_ext.dll
0x00007ffc32390000 - 0x00007ffc323a8000 	C:\WINDOWS\SYSTEM32\CRYPTSP.dll
0x00007ffc31a40000 - 0x00007ffc31a74000 	C:\WINDOWS\system32\rsaenh.dll
0x00007ffc32f30000 - 0x00007ffc32f57000 	C:\WINDOWS\System32\bcrypt.dll
0x00007ffc32890000 - 0x00007ffc328be000 	C:\WINDOWS\SYSTEM32\USERENV.dll
0x00007ffc32380000 - 0x00007ffc3238c000 	C:\WINDOWS\SYSTEM32\CRYPTBASE.dll
0x00007ffc31e30000 - 0x00007ffc31e6b000 	C:\WINDOWS\SYSTEM32\IPHLPAPI.DLL
0x00007ffc34e50000 - 0x00007ffc34e58000 	C:\WINDOWS\System32\NSI.dll
0x00007ffc2a530000 - 0x00007ffc2a547000 	C:\WINDOWS\SYSTEM32\dhcpcsvc6.DLL
0x00007ffc2a510000 - 0x00007ffc2a52d000 	C:\WINDOWS\SYSTEM32\dhcpcsvc.DLL
0x00007ffc31e70000 - 0x00007ffc31f3b000 	C:\WINDOWS\SYSTEM32\DNSAPI.dll
0x00007ffc2c650000 - 0x00007ffc2c677000 	C:\Program Files\Android\Android Studio\jbr\bin\sunec.dll
0x00007ffc31b60000 - 0x00007ffc31b93000 	C:\WINDOWS\SYSTEM32\ntmarta.dll

dbghelp: loaded successfully - version: 4.0.5 - missing functions: none
symbol engine: initialized successfully - sym options: 0x614 - pdb path: .;C:\Program Files\Android\Android Studio\jbr\bin;C:\WINDOWS\SYSTEM32;C:\WINDOWS\WinSxS\amd64_microsoft.windows.common-controls_6595b64144ccf1df_6.0.19041.1110_none_60b5254171f9507e;C:\Program Files\Android\Android Studio\jbr\bin\server;C:\Users\trilo\.gradle\native\e1d6ef7f7dcc3fd88c89a11ec53ec762bb8ba0a96d01ffa2cd45eb1d1d8dd5c5\windows-amd64;C:\Users\trilo\.gradle\native\5664cfc778a61ccfe75a443a1ab52a65af34e5dc3c78e0209fed803814484fcb\windows-amd64

VM Arguments:
jvm_args: --add-opens=java.base/java.util=ALL-UNNAMED --add-opens=java.base/java.lang=ALL-UNNAMED --add-opens=java.base/java.lang.invoke=ALL-UNNAMED --add-opens=java.base/java.util=ALL-UNNAMED --add-opens=java.prefs/java.util.prefs=ALL-UNNAMED --add-opens=java.prefs/java.util.prefs=ALL-UNNAMED --add-opens=java.base/java.nio.charset=ALL-UNNAMED --add-opens=java.base/java.net=ALL-UNNAMED --add-opens=java.base/java.util.concurrent.atomic=ALL-UNNAMED -Xmx2048m -Dfile.encoding=UTF-8 -Duser.country=US -Duser.language=en -Duser.variant 
java_command: org.gradle.launcher.daemon.bootstrap.GradleDaemon 7.3.3
java_class_path (initial): C:\Users\trilo\.gradle\wrapper\dists\gradle-7.3.3-bin\6a41zxkdtcxs8rphpq6y0069z\gradle-7.3.3\lib\gradle-launcher-7.3.3.jar
Launcher Type: SUN_STANDARD

[Global flags]
     intx CICompilerCount                          = 3                                         {product} {ergonomic}
     uint ConcGCThreads                            = 1                                         {product} {ergonomic}
     uint G1ConcRefinementThreads                  = 4                                         {product} {ergonomic}
   size_t G1HeapRegionSize                         = 1048576                                   {product} {ergonomic}
    uintx GCDrainStackTargetSize                   = 64                                        {product} {ergonomic}
   size_t InitialHeapSize                          = 132120576                                 {product} {ergonomic}
   size_t MarkStackSize                            = 4194304                                   {product} {ergonomic}
   size_t MaxHeapSize                              = 2147483648                                {product} {command line}
   size_t MaxNewSize                               = 1287651328                                {product} {ergonomic}
   size_t MinHeapDeltaBytes                        = 1048576                                   {product} {ergonomic}
    uintx NonNMethodCodeHeapSize                   = 5830732                                {pd product} {ergonomic}
    uintx NonProfiledCodeHeapSize                  = 122913754                              {pd product} {ergonomic}
    uintx ProfiledCodeHeapSize                     = 122913754                              {pd product} {ergonomic}
    uintx ReservedCodeCacheSize                    = 251658240                              {pd product} {ergonomic}
     bool SegmentedCodeCache                       = true                                      {product} {ergonomic}
     bool UseCompressedClassPointers               = true                                 {lp64_product} {ergonomic}
     bool UseCompressedOops                        = true                                 {lp64_product} {ergonomic}
     bool UseG1GC                                  = true                                      {product} {ergonomic}
     bool UseLargePagesIndividualAllocation        = false                                  {pd product} {ergonomic}

Logging:
Log output configuration:
 #0: stdout all=warning uptime,level,tags
 #1: stderr all=off uptime,level,tags

Environment Variables:
JAVA_HOME=C:\Program Files\Zulu\zulu-19\
PATH=C:\Program Files\NVIDIA GPU Computing Toolkit\CUDA\v10.1\bin;C:\Program Files\NVIDIA GPU Computing Toolkit\CUDA\v10.1\libnvvp;C:\Program Files\Zulu\zulu-19\bin\;C:\oracle\product\12.1.0\dbhome_1\bin;C:\Program Files\Common Files\Oracle\Java\javapath;C:\Program Files (x86)\Common Files\Oracle\Java\javapath;C:\Windows\system32;C:\Windows;C:\Windows\System32\Wbem;C:\Windows\System32\WindowsPowerShell\v1.0\;C:\Windows\System32\OpenSSH\;C:\Program Files\Microsoft SQL Server\130\Tools\Binn\;C:\Program Files\Git\cmd;C:\Program Files\Microsoft VS Code\bin;C:\Program Files\Microsoft SQL Server\150\Tools\Binn\;C:\Program Files\Microsoft SQL Server\Client SDK\ODBC\170\Tools\Binn\;C:\Program Files (x86)\NoteBook FanControl\;C:\Program Files\nodejs\;C:\Program Files (x86)\NVIDIA Corporation\PhysX\Common;C:\Program Files\Cloudflare\Cloudflare WARP\;C:\Program Files (x86)\Bitvise SSH Client;C:\Program Files (x86)\EasyShare\x86\;C:\Program Files (x86)\EasyShare\x64\;C:\Program Files\Microsoft SQL Server\110\Tools\Binn\;C:\Program Files\PuTTY\;C:\Program Files (x86)\Microsoft SQL Server\110\Tools\Binn\;C:\Program Files\Microsoft SQL Server\110\DTS\Binn\;C:\Program Files (x86)\Microsoft SQL Server\110\Tools\Binn\ManagementStudio\;C:\Program Files (x86)\Microsoft SQL Server\110\DTS\Binn\;C:\Program Files (x86)\Eziriz\.NET Reactor;C:\Program Files\dotnet\;C:\Program Files\NVIDIA Corporation\NVIDIA NvDLISR;C:\adb;C:\Program Files\CMake\bin;C:\Program Files\NVIDIA Corporation\Nsight Compute 2019.1\;C:\ProgramData\chocolatey\bin;;C:\WINDOWS\system32;C:\WINDOWS;C:\WINDOWS\System32\Wbem;C:\WINDOWS\System32\WindowsPowerShell\v1.0\;C:\WINDOWS\System32\OpenSSH\;C:\Program Files\MySQL\MySQL Shell 8.0\bin\;C:\Users\trilo\AppData\Local\Programs\Python\Python39\Scripts\;C:\Users\trilo\AppData\Local\Programs\Python\Python39\;C:\Users\trilo\AppData\Local\Microsoft\WindowsApps;C:\Users\trilo\AppData\Local\gitkraken\bin;C:\Users\trilo\AppData\Roaming\npm;C:\Program Files\JetBrains\PyCharm Community 
USERNAME=trilo
OS=Windows_NT
PROCESSOR_IDENTIFIER=Intel64 Family 6 Model 142 Stepping 9, GenuineIntel



---------------  S Y S T E M  ---------------

OS: Windows 10 , 64 bit Build 19041 (10.0.19041.2546)
OS uptime: 1 days 1:35 hours

CPU:total 4 (initial active 4) (2 cores per cpu, 2 threads per core) family 6 model 142 stepping 9 microcode 0xb4, cmov, cx8, fxsr, mmx, sse, sse2, sse3, ssse3, sse4.1, sse4.2, popcnt, avx, avx2, aes, clmul, erms, 3dnowpref, lzcnt, ht, tsc, tscinvbit, bmi1, bmi2, adx, fma

Memory: 4k page, system-wide physical 8060M (397M free)
TotalPageFile size 17800M (AvailPageFile size 2664M)
current process WorkingSet (physical memory assigned to process): 336M, peak: 601M
current process commit charge ("private bytes"): 658M, peak: 659M

vm_info: OpenJDK 64-Bit Server VM (11.0.15+0-b2043.56-9505619) for windows-amd64 JRE (11.0.15+0-b2043.56-9505619), built on Jan 19 2023 02:48:00 by "builduser" with unknown MS VC++:1929

END.
